[2016-04-19 15:23:00] local.ERROR: PDOException: SQLSTATE[42S21]: Column already exists: 1060 Duplicate column name 'created_at' in /Users/matthewcatellier/Desktop/CruiseApp/project/vendor/laravel/framework/src/Illuminate/Database/Connection.php:429
Stack trace:
#0 /Users/matthewcatellier/Desktop/CruiseApp/project/vendor/laravel/framework/src/Illuminate/Database/Connection.php(429): PDOStatement->execute()
#1 /Users/matthewcatellier/Desktop/CruiseApp/project/vendor/laravel/framework/src/Illuminate/Database/Connection.php(689): Illuminate\Database\Connection->Illuminate\Database\{closure}(Object(Illuminate\Database\MySqlConnection), 'create table `u...', Array)
#2 /Users/matthewcatellier/Desktop/CruiseApp/project/vendor/laravel/framework/src/Illuminate/Database/Connection.php(652): Illuminate\Database\Connection->runQueryCallback('create table `u...', Array, Object(Closure))
#3 /Users/matthewcatellier/Desktop/CruiseApp/project/vendor/laravel/framework/src/Illuminate/Database/Connection.php(430): Illuminate\Database\Connection->run('create table `u...', Array, Object(Closure))
#4 /Users/matthewcatellier/Desktop/CruiseApp/project/vendor/laravel/framework/src/Illuminate/Database/Schema/Blueprint.php(83): Illuminate\Database\Connection->statement('create table `u...')
#5 /Users/matthewcatellier/Desktop/CruiseApp/project/vendor/laravel/framework/src/Illuminate/Database/Schema/Builder.php(205): Illuminate\Database\Schema\Blueprint->build(Object(Illuminate\Database\MySqlConnection), Object(Illuminate\Database\Schema\Grammars\MySqlGrammar))
#6 /Users/matthewcatellier/Desktop/CruiseApp/project/vendor/laravel/framework/src/Illuminate/Database/Schema/Builder.php(148): Illuminate\Database\Schema\Builder->build(Object(Illuminate\Database\Schema\Blueprint))
#7 /Users/matthewcatellier/Desktop/CruiseApp/project/vendor/laravel/framework/src/Illuminate/Support/Facades/Facade.php(213): Illuminate\Database\Schema\Builder->create('users', Object(Closure))
#8 /Users/matthewcatellier/Desktop/CruiseApp/project/database/migrations/2014_10_12_000000_create_users_table.php(29): Illuminate\Support\Facades\Facade::__callStatic('create', Array)
#9 /Users/matthewcatellier/Desktop/CruiseApp/project/vendor/laravel/framework/src/Illuminate/Database/Migrations/Migrator.php(147): CreateUsersTable->up()
#10 /Users/matthewcatellier/Desktop/CruiseApp/project/vendor/laravel/framework/src/Illuminate/Database/Migrations/Migrator.php(117): Illuminate\Database\Migrations\Migrator->runUp('2014_10_12_0000...', 1, false)
#11 /Users/matthewcatellier/Desktop/CruiseApp/project/vendor/laravel/framework/src/Illuminate/Database/Migrations/Migrator.php(86): Illuminate\Database\Migrations\Migrator->runMigrationList(Array, Array)
#12 /Users/matthewcatellier/Desktop/CruiseApp/project/vendor/laravel/framework/src/Illuminate/Database/Console/Migrations/MigrateCommand.php(76): Illuminate\Database\Migrations\Migrator->run('/Users/matthewc...', Array)
#13 [internal function]: Illuminate\Database\Console\Migrations\MigrateCommand->fire()
#14 /Users/matthewcatellier/Desktop/CruiseApp/project/vendor/laravel/framework/src/Illuminate/Container/Container.php(507): call_user_func_array(Array, Array)
#15 /Users/matthewcatellier/Desktop/CruiseApp/project/vendor/laravel/framework/src/Illuminate/Console/Command.php(169): Illuminate\Container\Container->call(Array)
#16 /Users/matthewcatellier/Desktop/CruiseApp/project/vendor/symfony/console/Command/Command.php(256): Illuminate\Console\Command->execute(Object(Symfony\Component\Console\Input\ArgvInput), Object(Symfony\Component\Console\Output\ConsoleOutput))
#17 /Users/matthewcatellier/Desktop/CruiseApp/project/vendor/laravel/framework/src/Illuminate/Console/Command.php(155): Symfony\Component\Console\Command\Command->run(Object(Symfony\Component\Console\Input\ArgvInput), Object(Symfony\Component\Console\Output\ConsoleOutput))
#18 /Users/matthewcatellier/Desktop/CruiseApp/project/vendor/symfony/console/Application.php(815): Illuminate\Console\Command->run(Object(Symfony\Component\Console\Input\ArgvInput), Object(Symfony\Component\Console\Output\ConsoleOutput))
#19 /Users/matthewcatellier/Desktop/CruiseApp/project/vendor/symfony/console/Application.php(186): Symfony\Component\Console\Application->doRunCommand(Object(Illuminate\Database\Console\Migrations\MigrateCommand), Object(Symfony\Component\Console\Input\ArgvInput), Object(Symfony\Component\Console\Output\ConsoleOutput))
#20 /Users/matthewcatellier/Desktop/CruiseApp/project/vendor/symfony/console/Application.php(117): Symfony\Component\Console\Application->doRun(Object(Symfony\Component\Console\Input\ArgvInput), Object(Symfony\Component\Console\Output\ConsoleOutput))
#21 /Users/matthewcatellier/Desktop/CruiseApp/project/vendor/laravel/framework/src/Illuminate/Foundation/Console/Kernel.php(107): Symfony\Component\Console\Application->run(Object(Symfony\Component\Console\Input\ArgvInput), Object(Symfony\Component\Console\Output\ConsoleOutput))
#22 /Users/matthewcatellier/Desktop/CruiseApp/project/artisan(35): Illuminate\Foundation\Console\Kernel->handle(Object(Symfony\Component\Console\Input\ArgvInput), Object(Symfony\Component\Console\Output\ConsoleOutput))
#23 {main}

Next Illuminate\Database\QueryException: SQLSTATE[42S21]: Column already exists: 1060 Duplicate column name 'created_at' (SQL: create table `users` (`email` varchar(255) not null, `first` varchar(255) not null, `last` varchar(255) not null, `dob` date not null, `sex` tinyint(1) not null, `lang` varchar(255) not null, `country` varchar(255) not null, `created_at` date not null, `confirmation_code` varchar(255) null, `remember_token` varchar(100) null, `created_at` timestamp null, `updated_at` timestamp null) default character set utf8 collate utf8_unicode_ci) in /Users/matthewcatellier/Desktop/CruiseApp/project/vendor/laravel/framework/src/Illuminate/Database/Connection.php:696
Stack trace:
#0 /Users/matthewcatellier/Desktop/CruiseApp/project/vendor/laravel/framework/src/Illuminate/Database/Connection.php(652): Illuminate\Database\Connection->runQueryCallback('create table `u...', Array, Object(Closure))
#1 /Users/matthewcatellier/Desktop/CruiseApp/project/vendor/laravel/framework/src/Illuminate/Database/Connection.php(430): Illuminate\Database\Connection->run('create table `u...', Array, Object(Closure))
#2 /Users/matthewcatellier/Desktop/CruiseApp/project/vendor/laravel/framework/src/Illuminate/Database/Schema/Blueprint.php(83): Illuminate\Database\Connection->statement('create table `u...')
#3 /Users/matthewcatellier/Desktop/CruiseApp/project/vendor/laravel/framework/src/Illuminate/Database/Schema/Builder.php(205): Illuminate\Database\Schema\Blueprint->build(Object(Illuminate\Database\MySqlConnection), Object(Illuminate\Database\Schema\Grammars\MySqlGrammar))
#4 /Users/matthewcatellier/Desktop/CruiseApp/project/vendor/laravel/framework/src/Illuminate/Database/Schema/Builder.php(148): Illuminate\Database\Schema\Builder->build(Object(Illuminate\Database\Schema\Blueprint))
#5 /Users/matthewcatellier/Desktop/CruiseApp/project/vendor/laravel/framework/src/Illuminate/Support/Facades/Facade.php(213): Illuminate\Database\Schema\Builder->create('users', Object(Closure))
#6 /Users/matthewcatellier/Desktop/CruiseApp/project/database/migrations/2014_10_12_000000_create_users_table.php(29): Illuminate\Support\Facades\Facade::__callStatic('create', Array)
#7 /Users/matthewcatellier/Desktop/CruiseApp/project/vendor/laravel/framework/src/Illuminate/Database/Migrations/Migrator.php(147): CreateUsersTable->up()
#8 /Users/matthewcatellier/Desktop/CruiseApp/project/vendor/laravel/framework/src/Illuminate/Database/Migrations/Migrator.php(117): Illuminate\Database\Migrations\Migrator->runUp('2014_10_12_0000...', 1, false)
#9 /Users/matthewcatellier/Desktop/CruiseApp/project/vendor/laravel/framework/src/Illuminate/Database/Migrations/Migrator.php(86): Illuminate\Database\Migrations\Migrator->runMigrationList(Array, Array)
#10 /Users/matthewcatellier/Desktop/CruiseApp/project/vendor/laravel/framework/src/Illuminate/Database/Console/Migrations/MigrateCommand.php(76): Illuminate\Database\Migrations\Migrator->run('/Users/matthewc...', Array)
#11 [internal function]: Illuminate\Database\Console\Migrations\MigrateCommand->fire()
#12 /Users/matthewcatellier/Desktop/CruiseApp/project/vendor/laravel/framework/src/Illuminate/Container/Container.php(507): call_user_func_array(Array, Array)
#13 /Users/matthewcatellier/Desktop/CruiseApp/project/vendor/laravel/framework/src/Illuminate/Console/Command.php(169): Illuminate\Container\Container->call(Array)
#14 /Users/matthewcatellier/Desktop/CruiseApp/project/vendor/symfony/console/Command/Command.php(256): Illuminate\Console\Command->execute(Object(Symfony\Component\Console\Input\ArgvInput), Object(Symfony\Component\Console\Output\ConsoleOutput))
#15 /Users/matthewcatellier/Desktop/CruiseApp/project/vendor/laravel/framework/src/Illuminate/Console/Command.php(155): Symfony\Component\Console\Command\Command->run(Object(Symfony\Component\Console\Input\ArgvInput), Object(Symfony\Component\Console\Output\ConsoleOutput))
#16 /Users/matthewcatellier/Desktop/CruiseApp/project/vendor/symfony/console/Application.php(815): Illuminate\Console\Command->run(Object(Symfony\Component\Console\Input\ArgvInput), Object(Symfony\Component\Console\Output\ConsoleOutput))
#17 /Users/matthewcatellier/Desktop/CruiseApp/project/vendor/symfony/console/Application.php(186): Symfony\Component\Console\Application->doRunCommand(Object(Illuminate\Database\Console\Migrations\MigrateCommand), Object(Symfony\Component\Console\Input\ArgvInput), Object(Symfony\Component\Console\Output\ConsoleOutput))
#18 /Users/matthewcatellier/Desktop/CruiseApp/project/vendor/symfony/console/Application.php(117): Symfony\Component\Console\Application->doRun(Object(Symfony\Component\Console\Input\ArgvInput), Object(Symfony\Component\Console\Output\ConsoleOutput))
#19 /Users/matthewcatellier/Desktop/CruiseApp/project/vendor/laravel/framework/src/Illuminate/Foundation/Console/Kernel.php(107): Symfony\Component\Console\Application->run(Object(Symfony\Component\Console\Input\ArgvInput), Object(Symfony\Component\Console\Output\ConsoleOutput))
#20 /Users/matthewcatellier/Desktop/CruiseApp/project/artisan(35): Illuminate\Foundation\Console\Kernel->handle(Object(Symfony\Component\Console\Input\ArgvInput), Object(Symfony\Component\Console\Output\ConsoleOutput))
#21 {main}  
[2016-04-19 15:23:59] local.ERROR: PDOException: SQLSTATE[HY000]: General error: 1215 Cannot add foreign key constraint in /Users/matthewcatellier/Desktop/CruiseApp/project/vendor/laravel/framework/src/Illuminate/Database/Connection.php:429
Stack trace:
#0 /Users/matthewcatellier/Desktop/CruiseApp/project/vendor/laravel/framework/src/Illuminate/Database/Connection.php(429): PDOStatement->execute()
#1 /Users/matthewcatellier/Desktop/CruiseApp/project/vendor/laravel/framework/src/Illuminate/Database/Connection.php(689): Illuminate\Database\Connection->Illuminate\Database\{closure}(Object(Illuminate\Database\MySqlConnection), 'alter table `us...', Array)
#2 /Users/matthewcatellier/Desktop/CruiseApp/project/vendor/laravel/framework/src/Illuminate/Database/Connection.php(652): Illuminate\Database\Connection->runQueryCallback('alter table `us...', Array, Object(Closure))
#3 /Users/matthewcatellier/Desktop/CruiseApp/project/vendor/laravel/framework/src/Illuminate/Database/Connection.php(430): Illuminate\Database\Connection->run('alter table `us...', Array, Object(Closure))
#4 /Users/matthewcatellier/Desktop/CruiseApp/project/vendor/laravel/framework/src/Illuminate/Database/Schema/Blueprint.php(83): Illuminate\Database\Connection->statement('alter table `us...')
#5 /Users/matthewcatellier/Desktop/CruiseApp/project/vendor/laravel/framework/src/Illuminate/Database/Schema/Builder.php(205): Illuminate\Database\Schema\Blueprint->build(Object(Illuminate\Database\MySqlConnection), Object(Illuminate\Database\Schema\Grammars\MySqlGrammar))
#6 /Users/matthewcatellier/Desktop/CruiseApp/project/vendor/laravel/framework/src/Illuminate/Database/Schema/Builder.php(148): Illuminate\Database\Schema\Builder->build(Object(Illuminate\Database\Schema\Blueprint))
#7 /Users/matthewcatellier/Desktop/CruiseApp/project/vendor/laravel/framework/src/Illuminate/Support/Facades/Facade.php(213): Illuminate\Database\Schema\Builder->create('user_sailings', Object(Closure))
#8 /Users/matthewcatellier/Desktop/CruiseApp/project/database/migrations/2016_04_19_151856_user_sailings.php(25): Illuminate\Support\Facades\Facade::__callStatic('create', Array)
#9 /Users/matthewcatellier/Desktop/CruiseApp/project/vendor/laravel/framework/src/Illuminate/Database/Migrations/Migrator.php(147): UserSailings->up()
#10 /Users/matthewcatellier/Desktop/CruiseApp/project/vendor/laravel/framework/src/Illuminate/Database/Migrations/Migrator.php(117): Illuminate\Database\Migrations\Migrator->runUp('2016_04_19_1518...', 1, false)
#11 /Users/matthewcatellier/Desktop/CruiseApp/project/vendor/laravel/framework/src/Illuminate/Database/Migrations/Migrator.php(86): Illuminate\Database\Migrations\Migrator->runMigrationList(Array, Array)
#12 /Users/matthewcatellier/Desktop/CruiseApp/project/vendor/laravel/framework/src/Illuminate/Database/Console/Migrations/MigrateCommand.php(76): Illuminate\Database\Migrations\Migrator->run('/Users/matthewc...', Array)
#13 [internal function]: Illuminate\Database\Console\Migrations\MigrateCommand->fire()
#14 /Users/matthewcatellier/Desktop/CruiseApp/project/vendor/laravel/framework/src/Illuminate/Container/Container.php(507): call_user_func_array(Array, Array)
#15 /Users/matthewcatellier/Desktop/CruiseApp/project/vendor/laravel/framework/src/Illuminate/Console/Command.php(169): Illuminate\Container\Container->call(Array)
#16 /Users/matthewcatellier/Desktop/CruiseApp/project/vendor/symfony/console/Command/Command.php(256): Illuminate\Console\Command->execute(Object(Symfony\Component\Console\Input\ArgvInput), Object(Symfony\Component\Console\Output\ConsoleOutput))
#17 /Users/matthewcatellier/Desktop/CruiseApp/project/vendor/laravel/framework/src/Illuminate/Console/Command.php(155): Symfony\Component\Console\Command\Command->run(Object(Symfony\Component\Console\Input\ArgvInput), Object(Symfony\Component\Console\Output\ConsoleOutput))
#18 /Users/matthewcatellier/Desktop/CruiseApp/project/vendor/symfony/console/Application.php(815): Illuminate\Console\Command->run(Object(Symfony\Component\Console\Input\ArgvInput), Object(Symfony\Component\Console\Output\ConsoleOutput))
#19 /Users/matthewcatellier/Desktop/CruiseApp/project/vendor/symfony/console/Application.php(186): Symfony\Component\Console\Application->doRunCommand(Object(Illuminate\Database\Console\Migrations\MigrateCommand), Object(Symfony\Component\Console\Input\ArgvInput), Object(Symfony\Component\Console\Output\ConsoleOutput))
#20 /Users/matthewcatellier/Desktop/CruiseApp/project/vendor/symfony/console/Application.php(117): Symfony\Component\Console\Application->doRun(Object(Symfony\Component\Console\Input\ArgvInput), Object(Symfony\Component\Console\Output\ConsoleOutput))
#21 /Users/matthewcatellier/Desktop/CruiseApp/project/vendor/laravel/framework/src/Illuminate/Foundation/Console/Kernel.php(107): Symfony\Component\Console\Application->run(Object(Symfony\Component\Console\Input\ArgvInput), Object(Symfony\Component\Console\Output\ConsoleOutput))
#22 /Users/matthewcatellier/Desktop/CruiseApp/project/artisan(35): Illuminate\Foundation\Console\Kernel->handle(Object(Symfony\Component\Console\Input\ArgvInput), Object(Symfony\Component\Console\Output\ConsoleOutput))
#23 {main}

Next Illuminate\Database\QueryException: SQLSTATE[HY000]: General error: 1215 Cannot add foreign key constraint (SQL: alter table `user_sailings` add constraint `user_sailings_user_id_foreign` foreign key (`user_id`) references `users` (`id`)) in /Users/matthewcatellier/Desktop/CruiseApp/project/vendor/laravel/framework/src/Illuminate/Database/Connection.php:696
Stack trace:
#0 /Users/matthewcatellier/Desktop/CruiseApp/project/vendor/laravel/framework/src/Illuminate/Database/Connection.php(652): Illuminate\Database\Connection->runQueryCallback('alter table `us...', Array, Object(Closure))
#1 /Users/matthewcatellier/Desktop/CruiseApp/project/vendor/laravel/framework/src/Illuminate/Database/Connection.php(430): Illuminate\Database\Connection->run('alter table `us...', Array, Object(Closure))
#2 /Users/matthewcatellier/Desktop/CruiseApp/project/vendor/laravel/framework/src/Illuminate/Database/Schema/Blueprint.php(83): Illuminate\Database\Connection->statement('alter table `us...')
#3 /Users/matthewcatellier/Desktop/CruiseApp/project/vendor/laravel/framework/src/Illuminate/Database/Schema/Builder.php(205): Illuminate\Database\Schema\Blueprint->build(Object(Illuminate\Database\MySqlConnection), Object(Illuminate\Database\Schema\Grammars\MySqlGrammar))
#4 /Users/matthewcatellier/Desktop/CruiseApp/project/vendor/laravel/framework/src/Illuminate/Database/Schema/Builder.php(148): Illuminate\Database\Schema\Builder->build(Object(Illuminate\Database\Schema\Blueprint))
#5 /Users/matthewcatellier/Desktop/CruiseApp/project/vendor/laravel/framework/src/Illuminate/Support/Facades/Facade.php(213): Illuminate\Database\Schema\Builder->create('user_sailings', Object(Closure))
#6 /Users/matthewcatellier/Desktop/CruiseApp/project/database/migrations/2016_04_19_151856_user_sailings.php(25): Illuminate\Support\Facades\Facade::__callStatic('create', Array)
#7 /Users/matthewcatellier/Desktop/CruiseApp/project/vendor/laravel/framework/src/Illuminate/Database/Migrations/Migrator.php(147): UserSailings->up()
#8 /Users/matthewcatellier/Desktop/CruiseApp/project/vendor/laravel/framework/src/Illuminate/Database/Migrations/Migrator.php(117): Illuminate\Database\Migrations\Migrator->runUp('2016_04_19_1518...', 1, false)
#9 /Users/matthewcatellier/Desktop/CruiseApp/project/vendor/laravel/framework/src/Illuminate/Database/Migrations/Migrator.php(86): Illuminate\Database\Migrations\Migrator->runMigrationList(Array, Array)
#10 /Users/matthewcatellier/Desktop/CruiseApp/project/vendor/laravel/framework/src/Illuminate/Database/Console/Migrations/MigrateCommand.php(76): Illuminate\Database\Migrations\Migrator->run('/Users/matthewc...', Array)
#11 [internal function]: Illuminate\Database\Console\Migrations\MigrateCommand->fire()
#12 /Users/matthewcatellier/Desktop/CruiseApp/project/vendor/laravel/framework/src/Illuminate/Container/Container.php(507): call_user_func_array(Array, Array)
#13 /Users/matthewcatellier/Desktop/CruiseApp/project/vendor/laravel/framework/src/Illuminate/Console/Command.php(169): Illuminate\Container\Container->call(Array)
#14 /Users/matthewcatellier/Desktop/CruiseApp/project/vendor/symfony/console/Command/Command.php(256): Illuminate\Console\Command->execute(Object(Symfony\Component\Console\Input\ArgvInput), Object(Symfony\Component\Console\Output\ConsoleOutput))
#15 /Users/matthewcatellier/Desktop/CruiseApp/project/vendor/laravel/framework/src/Illuminate/Console/Command.php(155): Symfony\Component\Console\Command\Command->run(Object(Symfony\Component\Console\Input\ArgvInput), Object(Symfony\Component\Console\Output\ConsoleOutput))
#16 /Users/matthewcatellier/Desktop/CruiseApp/project/vendor/symfony/console/Application.php(815): Illuminate\Console\Command->run(Object(Symfony\Component\Console\Input\ArgvInput), Object(Symfony\Component\Console\Output\ConsoleOutput))
#17 /Users/matthewcatellier/Desktop/CruiseApp/project/vendor/symfony/console/Application.php(186): Symfony\Component\Console\Application->doRunCommand(Object(Illuminate\Database\Console\Migrations\MigrateCommand), Object(Symfony\Component\Console\Input\ArgvInput), Object(Symfony\Component\Console\Output\ConsoleOutput))
#18 /Users/matthewcatellier/Desktop/CruiseApp/project/vendor/symfony/console/Application.php(117): Symfony\Component\Console\Application->doRun(Object(Symfony\Component\Console\Input\ArgvInput), Object(Symfony\Component\Console\Output\ConsoleOutput))
#19 /Users/matthewcatellier/Desktop/CruiseApp/project/vendor/laravel/framework/src/Illuminate/Foundation/Console/Kernel.php(107): Symfony\Component\Console\Application->run(Object(Symfony\Component\Console\Input\ArgvInput), Object(Symfony\Component\Console\Output\ConsoleOutput))
#20 /Users/matthewcatellier/Desktop/CruiseApp/project/artisan(35): Illuminate\Foundation\Console\Kernel->handle(Object(Symfony\Component\Console\Input\ArgvInput), Object(Symfony\Component\Console\Output\ConsoleOutput))
#21 {main}  
[2016-04-19 15:24:53] local.ERROR: PDOException: SQLSTATE[42S01]: Base table or view already exists: 1050 Table 'user_sailings' already exists in /Users/matthewcatellier/Desktop/CruiseApp/project/vendor/laravel/framework/src/Illuminate/Database/Connection.php:429
Stack trace:
#0 /Users/matthewcatellier/Desktop/CruiseApp/project/vendor/laravel/framework/src/Illuminate/Database/Connection.php(429): PDOStatement->execute()
#1 /Users/matthewcatellier/Desktop/CruiseApp/project/vendor/laravel/framework/src/Illuminate/Database/Connection.php(689): Illuminate\Database\Connection->Illuminate\Database\{closure}(Object(Illuminate\Database\MySqlConnection), 'create table `u...', Array)
#2 /Users/matthewcatellier/Desktop/CruiseApp/project/vendor/laravel/framework/src/Illuminate/Database/Connection.php(652): Illuminate\Database\Connection->runQueryCallback('create table `u...', Array, Object(Closure))
#3 /Users/matthewcatellier/Desktop/CruiseApp/project/vendor/laravel/framework/src/Illuminate/Database/Connection.php(430): Illuminate\Database\Connection->run('create table `u...', Array, Object(Closure))
#4 /Users/matthewcatellier/Desktop/CruiseApp/project/vendor/laravel/framework/src/Illuminate/Database/Schema/Blueprint.php(83): Illuminate\Database\Connection->statement('create table `u...')
#5 /Users/matthewcatellier/Desktop/CruiseApp/project/vendor/laravel/framework/src/Illuminate/Database/Schema/Builder.php(205): Illuminate\Database\Schema\Blueprint->build(Object(Illuminate\Database\MySqlConnection), Object(Illuminate\Database\Schema\Grammars\MySqlGrammar))
#6 /Users/matthewcatellier/Desktop/CruiseApp/project/vendor/laravel/framework/src/Illuminate/Database/Schema/Builder.php(148): Illuminate\Database\Schema\Builder->build(Object(Illuminate\Database\Schema\Blueprint))
#7 /Users/matthewcatellier/Desktop/CruiseApp/project/vendor/laravel/framework/src/Illuminate/Support/Facades/Facade.php(213): Illuminate\Database\Schema\Builder->create('user_sailings', Object(Closure))
#8 /Users/matthewcatellier/Desktop/CruiseApp/project/database/migrations/2016_04_19_151856_user_sailings.php(25): Illuminate\Support\Facades\Facade::__callStatic('create', Array)
#9 /Users/matthewcatellier/Desktop/CruiseApp/project/vendor/laravel/framework/src/Illuminate/Database/Migrations/Migrator.php(147): UserSailings->up()
#10 /Users/matthewcatellier/Desktop/CruiseApp/project/vendor/laravel/framework/src/Illuminate/Database/Migrations/Migrator.php(117): Illuminate\Database\Migrations\Migrator->runUp('2016_04_19_1518...', 2, false)
#11 /Users/matthewcatellier/Desktop/CruiseApp/project/vendor/laravel/framework/src/Illuminate/Database/Migrations/Migrator.php(86): Illuminate\Database\Migrations\Migrator->runMigrationList(Array, Array)
#12 /Users/matthewcatellier/Desktop/CruiseApp/project/vendor/laravel/framework/src/Illuminate/Database/Console/Migrations/MigrateCommand.php(76): Illuminate\Database\Migrations\Migrator->run('/Users/matthewc...', Array)
#13 [internal function]: Illuminate\Database\Console\Migrations\MigrateCommand->fire()
#14 /Users/matthewcatellier/Desktop/CruiseApp/project/vendor/laravel/framework/src/Illuminate/Container/Container.php(507): call_user_func_array(Array, Array)
#15 /Users/matthewcatellier/Desktop/CruiseApp/project/vendor/laravel/framework/src/Illuminate/Console/Command.php(169): Illuminate\Container\Container->call(Array)
#16 /Users/matthewcatellier/Desktop/CruiseApp/project/vendor/symfony/console/Command/Command.php(256): Illuminate\Console\Command->execute(Object(Symfony\Component\Console\Input\ArgvInput), Object(Symfony\Component\Console\Output\ConsoleOutput))
#17 /Users/matthewcatellier/Desktop/CruiseApp/project/vendor/laravel/framework/src/Illuminate/Console/Command.php(155): Symfony\Component\Console\Command\Command->run(Object(Symfony\Component\Console\Input\ArgvInput), Object(Symfony\Component\Console\Output\ConsoleOutput))
#18 /Users/matthewcatellier/Desktop/CruiseApp/project/vendor/symfony/console/Application.php(815): Illuminate\Console\Command->run(Object(Symfony\Component\Console\Input\ArgvInput), Object(Symfony\Component\Console\Output\ConsoleOutput))
#19 /Users/matthewcatellier/Desktop/CruiseApp/project/vendor/symfony/console/Application.php(186): Symfony\Component\Console\Application->doRunCommand(Object(Illuminate\Database\Console\Migrations\MigrateCommand), Object(Symfony\Component\Console\Input\ArgvInput), Object(Symfony\Component\Console\Output\ConsoleOutput))
#20 /Users/matthewcatellier/Desktop/CruiseApp/project/vendor/symfony/console/Application.php(117): Symfony\Component\Console\Application->doRun(Object(Symfony\Component\Console\Input\ArgvInput), Object(Symfony\Component\Console\Output\ConsoleOutput))
#21 /Users/matthewcatellier/Desktop/CruiseApp/project/vendor/laravel/framework/src/Illuminate/Foundation/Console/Kernel.php(107): Symfony\Component\Console\Application->run(Object(Symfony\Component\Console\Input\ArgvInput), Object(Symfony\Component\Console\Output\ConsoleOutput))
#22 /Users/matthewcatellier/Desktop/CruiseApp/project/artisan(35): Illuminate\Foundation\Console\Kernel->handle(Object(Symfony\Component\Console\Input\ArgvInput), Object(Symfony\Component\Console\Output\ConsoleOutput))
#23 {main}

Next Illuminate\Database\QueryException: SQLSTATE[42S01]: Base table or view already exists: 1050 Table 'user_sailings' already exists (SQL: create table `user_sailings` (`sailing_id` int unsigned not null) default character set utf8 collate utf8_unicode_ci) in /Users/matthewcatellier/Desktop/CruiseApp/project/vendor/laravel/framework/src/Illuminate/Database/Connection.php:696
Stack trace:
#0 /Users/matthewcatellier/Desktop/CruiseApp/project/vendor/laravel/framework/src/Illuminate/Database/Connection.php(652): Illuminate\Database\Connection->runQueryCallback('create table `u...', Array, Object(Closure))
#1 /Users/matthewcatellier/Desktop/CruiseApp/project/vendor/laravel/framework/src/Illuminate/Database/Connection.php(430): Illuminate\Database\Connection->run('create table `u...', Array, Object(Closure))
#2 /Users/matthewcatellier/Desktop/CruiseApp/project/vendor/laravel/framework/src/Illuminate/Database/Schema/Blueprint.php(83): Illuminate\Database\Connection->statement('create table `u...')
#3 /Users/matthewcatellier/Desktop/CruiseApp/project/vendor/laravel/framework/src/Illuminate/Database/Schema/Builder.php(205): Illuminate\Database\Schema\Blueprint->build(Object(Illuminate\Database\MySqlConnection), Object(Illuminate\Database\Schema\Grammars\MySqlGrammar))
#4 /Users/matthewcatellier/Desktop/CruiseApp/project/vendor/laravel/framework/src/Illuminate/Database/Schema/Builder.php(148): Illuminate\Database\Schema\Builder->build(Object(Illuminate\Database\Schema\Blueprint))
#5 /Users/matthewcatellier/Desktop/CruiseApp/project/vendor/laravel/framework/src/Illuminate/Support/Facades/Facade.php(213): Illuminate\Database\Schema\Builder->create('user_sailings', Object(Closure))
#6 /Users/matthewcatellier/Desktop/CruiseApp/project/database/migrations/2016_04_19_151856_user_sailings.php(25): Illuminate\Support\Facades\Facade::__callStatic('create', Array)
#7 /Users/matthewcatellier/Desktop/CruiseApp/project/vendor/laravel/framework/src/Illuminate/Database/Migrations/Migrator.php(147): UserSailings->up()
#8 /Users/matthewcatellier/Desktop/CruiseApp/project/vendor/laravel/framework/src/Illuminate/Database/Migrations/Migrator.php(117): Illuminate\Database\Migrations\Migrator->runUp('2016_04_19_1518...', 2, false)
#9 /Users/matthewcatellier/Desktop/CruiseApp/project/vendor/laravel/framework/src/Illuminate/Database/Migrations/Migrator.php(86): Illuminate\Database\Migrations\Migrator->runMigrationList(Array, Array)
#10 /Users/matthewcatellier/Desktop/CruiseApp/project/vendor/laravel/framework/src/Illuminate/Database/Console/Migrations/MigrateCommand.php(76): Illuminate\Database\Migrations\Migrator->run('/Users/matthewc...', Array)
#11 [internal function]: Illuminate\Database\Console\Migrations\MigrateCommand->fire()
#12 /Users/matthewcatellier/Desktop/CruiseApp/project/vendor/laravel/framework/src/Illuminate/Container/Container.php(507): call_user_func_array(Array, Array)
#13 /Users/matthewcatellier/Desktop/CruiseApp/project/vendor/laravel/framework/src/Illuminate/Console/Command.php(169): Illuminate\Container\Container->call(Array)
#14 /Users/matthewcatellier/Desktop/CruiseApp/project/vendor/symfony/console/Command/Command.php(256): Illuminate\Console\Command->execute(Object(Symfony\Component\Console\Input\ArgvInput), Object(Symfony\Component\Console\Output\ConsoleOutput))
#15 /Users/matthewcatellier/Desktop/CruiseApp/project/vendor/laravel/framework/src/Illuminate/Console/Command.php(155): Symfony\Component\Console\Command\Command->run(Object(Symfony\Component\Console\Input\ArgvInput), Object(Symfony\Component\Console\Output\ConsoleOutput))
#16 /Users/matthewcatellier/Desktop/CruiseApp/project/vendor/symfony/console/Application.php(815): Illuminate\Console\Command->run(Object(Symfony\Component\Console\Input\ArgvInput), Object(Symfony\Component\Console\Output\ConsoleOutput))
#17 /Users/matthewcatellier/Desktop/CruiseApp/project/vendor/symfony/console/Application.php(186): Symfony\Component\Console\Application->doRunCommand(Object(Illuminate\Database\Console\Migrations\MigrateCommand), Object(Symfony\Component\Console\Input\ArgvInput), Object(Symfony\Component\Console\Output\ConsoleOutput))
#18 /Users/matthewcatellier/Desktop/CruiseApp/project/vendor/symfony/console/Application.php(117): Symfony\Component\Console\Application->doRun(Object(Symfony\Component\Console\Input\ArgvInput), Object(Symfony\Component\Console\Output\ConsoleOutput))
#19 /Users/matthewcatellier/Desktop/CruiseApp/project/vendor/laravel/framework/src/Illuminate/Foundation/Console/Kernel.php(107): Symfony\Component\Console\Application->run(Object(Symfony\Component\Console\Input\ArgvInput), Object(Symfony\Component\Console\Output\ConsoleOutput))
#20 /Users/matthewcatellier/Desktop/CruiseApp/project/artisan(35): Illuminate\Foundation\Console\Kernel->handle(Object(Symfony\Component\Console\Input\ArgvInput), Object(Symfony\Component\Console\Output\ConsoleOutput))
#21 {main}  
[2016-04-19 15:25:01] local.ERROR: PDOException: SQLSTATE[23000]: Integrity constraint violation: 1217 Cannot delete or update a parent row: a foreign key constraint fails in /Users/matthewcatellier/Desktop/CruiseApp/project/vendor/laravel/framework/src/Illuminate/Database/Connection.php:429
Stack trace:
#0 /Users/matthewcatellier/Desktop/CruiseApp/project/vendor/laravel/framework/src/Illuminate/Database/Connection.php(429): PDOStatement->execute()
#1 /Users/matthewcatellier/Desktop/CruiseApp/project/vendor/laravel/framework/src/Illuminate/Database/Connection.php(689): Illuminate\Database\Connection->Illuminate\Database\{closure}(Object(Illuminate\Database\MySqlConnection), 'drop table `sai...', Array)
#2 /Users/matthewcatellier/Desktop/CruiseApp/project/vendor/laravel/framework/src/Illuminate/Database/Connection.php(652): Illuminate\Database\Connection->runQueryCallback('drop table `sai...', Array, Object(Closure))
#3 /Users/matthewcatellier/Desktop/CruiseApp/project/vendor/laravel/framework/src/Illuminate/Database/Connection.php(430): Illuminate\Database\Connection->run('drop table `sai...', Array, Object(Closure))
#4 /Users/matthewcatellier/Desktop/CruiseApp/project/vendor/laravel/framework/src/Illuminate/Database/Schema/Blueprint.php(83): Illuminate\Database\Connection->statement('drop table `sai...')
#5 /Users/matthewcatellier/Desktop/CruiseApp/project/vendor/laravel/framework/src/Illuminate/Database/Schema/Builder.php(205): Illuminate\Database\Schema\Blueprint->build(Object(Illuminate\Database\MySqlConnection), Object(Illuminate\Database\Schema\Grammars\MySqlGrammar))
#6 /Users/matthewcatellier/Desktop/CruiseApp/project/vendor/laravel/framework/src/Illuminate/Database/Schema/Builder.php(163): Illuminate\Database\Schema\Builder->build(Object(Illuminate\Database\Schema\Blueprint))
#7 /Users/matthewcatellier/Desktop/CruiseApp/project/vendor/laravel/framework/src/Illuminate/Support/Facades/Facade.php(213): Illuminate\Database\Schema\Builder->drop('sailings')
#8 /Users/matthewcatellier/Desktop/CruiseApp/project/database/migrations/2016_04_19_151526_sailings.php(33): Illuminate\Support\Facades\Facade::__callStatic('drop', Array)
#9 /Users/matthewcatellier/Desktop/CruiseApp/project/vendor/laravel/framework/src/Illuminate/Database/Migrations/Migrator.php(233): Sailings->down()
#10 /Users/matthewcatellier/Desktop/CruiseApp/project/vendor/laravel/framework/src/Illuminate/Database/Migrations/Migrator.php(181): Illuminate\Database\Migrations\Migrator->runDown(Object(stdClass), false)
#11 /Users/matthewcatellier/Desktop/CruiseApp/project/vendor/laravel/framework/src/Illuminate/Database/Console/Migrations/RollbackCommand.php(63): Illuminate\Database\Migrations\Migrator->rollback(false)
#12 [internal function]: Illuminate\Database\Console\Migrations\RollbackCommand->fire()
#13 /Users/matthewcatellier/Desktop/CruiseApp/project/vendor/laravel/framework/src/Illuminate/Container/Container.php(507): call_user_func_array(Array, Array)
#14 /Users/matthewcatellier/Desktop/CruiseApp/project/vendor/laravel/framework/src/Illuminate/Console/Command.php(169): Illuminate\Container\Container->call(Array)
#15 /Users/matthewcatellier/Desktop/CruiseApp/project/vendor/symfony/console/Command/Command.php(256): Illuminate\Console\Command->execute(Object(Symfony\Component\Console\Input\ArgvInput), Object(Symfony\Component\Console\Output\ConsoleOutput))
#16 /Users/matthewcatellier/Desktop/CruiseApp/project/vendor/laravel/framework/src/Illuminate/Console/Command.php(155): Symfony\Component\Console\Command\Command->run(Object(Symfony\Component\Console\Input\ArgvInput), Object(Symfony\Component\Console\Output\ConsoleOutput))
#17 /Users/matthewcatellier/Desktop/CruiseApp/project/vendor/symfony/console/Application.php(815): Illuminate\Console\Command->run(Object(Symfony\Component\Console\Input\ArgvInput), Object(Symfony\Component\Console\Output\ConsoleOutput))
#18 /Users/matthewcatellier/Desktop/CruiseApp/project/vendor/symfony/console/Application.php(186): Symfony\Component\Console\Application->doRunCommand(Object(Illuminate\Database\Console\Migrations\RollbackCommand), Object(Symfony\Component\Console\Input\ArgvInput), Object(Symfony\Component\Console\Output\ConsoleOutput))
#19 /Users/matthewcatellier/Desktop/CruiseApp/project/vendor/symfony/console/Application.php(117): Symfony\Component\Console\Application->doRun(Object(Symfony\Component\Console\Input\ArgvInput), Object(Symfony\Component\Console\Output\ConsoleOutput))
#20 /Users/matthewcatellier/Desktop/CruiseApp/project/vendor/laravel/framework/src/Illuminate/Foundation/Console/Kernel.php(107): Symfony\Component\Console\Application->run(Object(Symfony\Component\Console\Input\ArgvInput), Object(Symfony\Component\Console\Output\ConsoleOutput))
#21 /Users/matthewcatellier/Desktop/CruiseApp/project/artisan(35): Illuminate\Foundation\Console\Kernel->handle(Object(Symfony\Component\Console\Input\ArgvInput), Object(Symfony\Component\Console\Output\ConsoleOutput))
#22 {main}

Next Illuminate\Database\QueryException: SQLSTATE[23000]: Integrity constraint violation: 1217 Cannot delete or update a parent row: a foreign key constraint fails (SQL: drop table `sailings`) in /Users/matthewcatellier/Desktop/CruiseApp/project/vendor/laravel/framework/src/Illuminate/Database/Connection.php:696
Stack trace:
#0 /Users/matthewcatellier/Desktop/CruiseApp/project/vendor/laravel/framework/src/Illuminate/Database/Connection.php(652): Illuminate\Database\Connection->runQueryCallback('drop table `sai...', Array, Object(Closure))
#1 /Users/matthewcatellier/Desktop/CruiseApp/project/vendor/laravel/framework/src/Illuminate/Database/Connection.php(430): Illuminate\Database\Connection->run('drop table `sai...', Array, Object(Closure))
#2 /Users/matthewcatellier/Desktop/CruiseApp/project/vendor/laravel/framework/src/Illuminate/Database/Schema/Blueprint.php(83): Illuminate\Database\Connection->statement('drop table `sai...')
#3 /Users/matthewcatellier/Desktop/CruiseApp/project/vendor/laravel/framework/src/Illuminate/Database/Schema/Builder.php(205): Illuminate\Database\Schema\Blueprint->build(Object(Illuminate\Database\MySqlConnection), Object(Illuminate\Database\Schema\Grammars\MySqlGrammar))
#4 /Users/matthewcatellier/Desktop/CruiseApp/project/vendor/laravel/framework/src/Illuminate/Database/Schema/Builder.php(163): Illuminate\Database\Schema\Builder->build(Object(Illuminate\Database\Schema\Blueprint))
#5 /Users/matthewcatellier/Desktop/CruiseApp/project/vendor/laravel/framework/src/Illuminate/Support/Facades/Facade.php(213): Illuminate\Database\Schema\Builder->drop('sailings')
#6 /Users/matthewcatellier/Desktop/CruiseApp/project/database/migrations/2016_04_19_151526_sailings.php(33): Illuminate\Support\Facades\Facade::__callStatic('drop', Array)
#7 /Users/matthewcatellier/Desktop/CruiseApp/project/vendor/laravel/framework/src/Illuminate/Database/Migrations/Migrator.php(233): Sailings->down()
#8 /Users/matthewcatellier/Desktop/CruiseApp/project/vendor/laravel/framework/src/Illuminate/Database/Migrations/Migrator.php(181): Illuminate\Database\Migrations\Migrator->runDown(Object(stdClass), false)
#9 /Users/matthewcatellier/Desktop/CruiseApp/project/vendor/laravel/framework/src/Illuminate/Database/Console/Migrations/RollbackCommand.php(63): Illuminate\Database\Migrations\Migrator->rollback(false)
#10 [internal function]: Illuminate\Database\Console\Migrations\RollbackCommand->fire()
#11 /Users/matthewcatellier/Desktop/CruiseApp/project/vendor/laravel/framework/src/Illuminate/Container/Container.php(507): call_user_func_array(Array, Array)
#12 /Users/matthewcatellier/Desktop/CruiseApp/project/vendor/laravel/framework/src/Illuminate/Console/Command.php(169): Illuminate\Container\Container->call(Array)
#13 /Users/matthewcatellier/Desktop/CruiseApp/project/vendor/symfony/console/Command/Command.php(256): Illuminate\Console\Command->execute(Object(Symfony\Component\Console\Input\ArgvInput), Object(Symfony\Component\Console\Output\ConsoleOutput))
#14 /Users/matthewcatellier/Desktop/CruiseApp/project/vendor/laravel/framework/src/Illuminate/Console/Command.php(155): Symfony\Component\Console\Command\Command->run(Object(Symfony\Component\Console\Input\ArgvInput), Object(Symfony\Component\Console\Output\ConsoleOutput))
#15 /Users/matthewcatellier/Desktop/CruiseApp/project/vendor/symfony/console/Application.php(815): Illuminate\Console\Command->run(Object(Symfony\Component\Console\Input\ArgvInput), Object(Symfony\Component\Console\Output\ConsoleOutput))
#16 /Users/matthewcatellier/Desktop/CruiseApp/project/vendor/symfony/console/Application.php(186): Symfony\Component\Console\Application->doRunCommand(Object(Illuminate\Database\Console\Migrations\RollbackCommand), Object(Symfony\Component\Console\Input\ArgvInput), Object(Symfony\Component\Console\Output\ConsoleOutput))
#17 /Users/matthewcatellier/Desktop/CruiseApp/project/vendor/symfony/console/Application.php(117): Symfony\Component\Console\Application->doRun(Object(Symfony\Component\Console\Input\ArgvInput), Object(Symfony\Component\Console\Output\ConsoleOutput))
#18 /Users/matthewcatellier/Desktop/CruiseApp/project/vendor/laravel/framework/src/Illuminate/Foundation/Console/Kernel.php(107): Symfony\Component\Console\Application->run(Object(Symfony\Component\Console\Input\ArgvInput), Object(Symfony\Component\Console\Output\ConsoleOutput))
#19 /Users/matthewcatellier/Desktop/CruiseApp/project/artisan(35): Illuminate\Foundation\Console\Kernel->handle(Object(Symfony\Component\Console\Input\ArgvInput), Object(Symfony\Component\Console\Output\ConsoleOutput))
#20 {main}  
[2016-04-19 15:25:13] local.ERROR: PDOException: SQLSTATE[23000]: Integrity constraint violation: 1217 Cannot delete or update a parent row: a foreign key constraint fails in /Users/matthewcatellier/Desktop/CruiseApp/project/vendor/laravel/framework/src/Illuminate/Database/Connection.php:429
Stack trace:
#0 /Users/matthewcatellier/Desktop/CruiseApp/project/vendor/laravel/framework/src/Illuminate/Database/Connection.php(429): PDOStatement->execute()
#1 /Users/matthewcatellier/Desktop/CruiseApp/project/vendor/laravel/framework/src/Illuminate/Database/Connection.php(689): Illuminate\Database\Connection->Illuminate\Database\{closure}(Object(Illuminate\Database\MySqlConnection), 'drop table `sai...', Array)
#2 /Users/matthewcatellier/Desktop/CruiseApp/project/vendor/laravel/framework/src/Illuminate/Database/Connection.php(652): Illuminate\Database\Connection->runQueryCallback('drop table `sai...', Array, Object(Closure))
#3 /Users/matthewcatellier/Desktop/CruiseApp/project/vendor/laravel/framework/src/Illuminate/Database/Connection.php(430): Illuminate\Database\Connection->run('drop table `sai...', Array, Object(Closure))
#4 /Users/matthewcatellier/Desktop/CruiseApp/project/vendor/laravel/framework/src/Illuminate/Database/Schema/Blueprint.php(83): Illuminate\Database\Connection->statement('drop table `sai...')
#5 /Users/matthewcatellier/Desktop/CruiseApp/project/vendor/laravel/framework/src/Illuminate/Database/Schema/Builder.php(205): Illuminate\Database\Schema\Blueprint->build(Object(Illuminate\Database\MySqlConnection), Object(Illuminate\Database\Schema\Grammars\MySqlGrammar))
#6 /Users/matthewcatellier/Desktop/CruiseApp/project/vendor/laravel/framework/src/Illuminate/Database/Schema/Builder.php(163): Illuminate\Database\Schema\Builder->build(Object(Illuminate\Database\Schema\Blueprint))
#7 /Users/matthewcatellier/Desktop/CruiseApp/project/vendor/laravel/framework/src/Illuminate/Support/Facades/Facade.php(213): Illuminate\Database\Schema\Builder->drop('sailings')
#8 /Users/matthewcatellier/Desktop/CruiseApp/project/database/migrations/2016_04_19_151526_sailings.php(33): Illuminate\Support\Facades\Facade::__callStatic('drop', Array)
#9 /Users/matthewcatellier/Desktop/CruiseApp/project/vendor/laravel/framework/src/Illuminate/Database/Migrations/Migrator.php(233): Sailings->down()
#10 /Users/matthewcatellier/Desktop/CruiseApp/project/vendor/laravel/framework/src/Illuminate/Database/Migrations/Migrator.php(181): Illuminate\Database\Migrations\Migrator->runDown(Object(stdClass), false)
#11 /Users/matthewcatellier/Desktop/CruiseApp/project/vendor/laravel/framework/src/Illuminate/Database/Console/Migrations/RollbackCommand.php(63): Illuminate\Database\Migrations\Migrator->rollback(false)
#12 [internal function]: Illuminate\Database\Console\Migrations\RollbackCommand->fire()
#13 /Users/matthewcatellier/Desktop/CruiseApp/project/vendor/laravel/framework/src/Illuminate/Container/Container.php(507): call_user_func_array(Array, Array)
#14 /Users/matthewcatellier/Desktop/CruiseApp/project/vendor/laravel/framework/src/Illuminate/Console/Command.php(169): Illuminate\Container\Container->call(Array)
#15 /Users/matthewcatellier/Desktop/CruiseApp/project/vendor/symfony/console/Command/Command.php(256): Illuminate\Console\Command->execute(Object(Symfony\Component\Console\Input\ArgvInput), Object(Symfony\Component\Console\Output\ConsoleOutput))
#16 /Users/matthewcatellier/Desktop/CruiseApp/project/vendor/laravel/framework/src/Illuminate/Console/Command.php(155): Symfony\Component\Console\Command\Command->run(Object(Symfony\Component\Console\Input\ArgvInput), Object(Symfony\Component\Console\Output\ConsoleOutput))
#17 /Users/matthewcatellier/Desktop/CruiseApp/project/vendor/symfony/console/Application.php(815): Illuminate\Console\Command->run(Object(Symfony\Component\Console\Input\ArgvInput), Object(Symfony\Component\Console\Output\ConsoleOutput))
#18 /Users/matthewcatellier/Desktop/CruiseApp/project/vendor/symfony/console/Application.php(186): Symfony\Component\Console\Application->doRunCommand(Object(Illuminate\Database\Console\Migrations\RollbackCommand), Object(Symfony\Component\Console\Input\ArgvInput), Object(Symfony\Component\Console\Output\ConsoleOutput))
#19 /Users/matthewcatellier/Desktop/CruiseApp/project/vendor/symfony/console/Application.php(117): Symfony\Component\Console\Application->doRun(Object(Symfony\Component\Console\Input\ArgvInput), Object(Symfony\Component\Console\Output\ConsoleOutput))
#20 /Users/matthewcatellier/Desktop/CruiseApp/project/vendor/laravel/framework/src/Illuminate/Foundation/Console/Kernel.php(107): Symfony\Component\Console\Application->run(Object(Symfony\Component\Console\Input\ArgvInput), Object(Symfony\Component\Console\Output\ConsoleOutput))
#21 /Users/matthewcatellier/Desktop/CruiseApp/project/artisan(35): Illuminate\Foundation\Console\Kernel->handle(Object(Symfony\Component\Console\Input\ArgvInput), Object(Symfony\Component\Console\Output\ConsoleOutput))
#22 {main}

Next Illuminate\Database\QueryException: SQLSTATE[23000]: Integrity constraint violation: 1217 Cannot delete or update a parent row: a foreign key constraint fails (SQL: drop table `sailings`) in /Users/matthewcatellier/Desktop/CruiseApp/project/vendor/laravel/framework/src/Illuminate/Database/Connection.php:696
Stack trace:
#0 /Users/matthewcatellier/Desktop/CruiseApp/project/vendor/laravel/framework/src/Illuminate/Database/Connection.php(652): Illuminate\Database\Connection->runQueryCallback('drop table `sai...', Array, Object(Closure))
#1 /Users/matthewcatellier/Desktop/CruiseApp/project/vendor/laravel/framework/src/Illuminate/Database/Connection.php(430): Illuminate\Database\Connection->run('drop table `sai...', Array, Object(Closure))
#2 /Users/matthewcatellier/Desktop/CruiseApp/project/vendor/laravel/framework/src/Illuminate/Database/Schema/Blueprint.php(83): Illuminate\Database\Connection->statement('drop table `sai...')
#3 /Users/matthewcatellier/Desktop/CruiseApp/project/vendor/laravel/framework/src/Illuminate/Database/Schema/Builder.php(205): Illuminate\Database\Schema\Blueprint->build(Object(Illuminate\Database\MySqlConnection), Object(Illuminate\Database\Schema\Grammars\MySqlGrammar))
#4 /Users/matthewcatellier/Desktop/CruiseApp/project/vendor/laravel/framework/src/Illuminate/Database/Schema/Builder.php(163): Illuminate\Database\Schema\Builder->build(Object(Illuminate\Database\Schema\Blueprint))
#5 /Users/matthewcatellier/Desktop/CruiseApp/project/vendor/laravel/framework/src/Illuminate/Support/Facades/Facade.php(213): Illuminate\Database\Schema\Builder->drop('sailings')
#6 /Users/matthewcatellier/Desktop/CruiseApp/project/database/migrations/2016_04_19_151526_sailings.php(33): Illuminate\Support\Facades\Facade::__callStatic('drop', Array)
#7 /Users/matthewcatellier/Desktop/CruiseApp/project/vendor/laravel/framework/src/Illuminate/Database/Migrations/Migrator.php(233): Sailings->down()
#8 /Users/matthewcatellier/Desktop/CruiseApp/project/vendor/laravel/framework/src/Illuminate/Database/Migrations/Migrator.php(181): Illuminate\Database\Migrations\Migrator->runDown(Object(stdClass), false)
#9 /Users/matthewcatellier/Desktop/CruiseApp/project/vendor/laravel/framework/src/Illuminate/Database/Console/Migrations/RollbackCommand.php(63): Illuminate\Database\Migrations\Migrator->rollback(false)
#10 [internal function]: Illuminate\Database\Console\Migrations\RollbackCommand->fire()
#11 /Users/matthewcatellier/Desktop/CruiseApp/project/vendor/laravel/framework/src/Illuminate/Container/Container.php(507): call_user_func_array(Array, Array)
#12 /Users/matthewcatellier/Desktop/CruiseApp/project/vendor/laravel/framework/src/Illuminate/Console/Command.php(169): Illuminate\Container\Container->call(Array)
#13 /Users/matthewcatellier/Desktop/CruiseApp/project/vendor/symfony/console/Command/Command.php(256): Illuminate\Console\Command->execute(Object(Symfony\Component\Console\Input\ArgvInput), Object(Symfony\Component\Console\Output\ConsoleOutput))
#14 /Users/matthewcatellier/Desktop/CruiseApp/project/vendor/laravel/framework/src/Illuminate/Console/Command.php(155): Symfony\Component\Console\Command\Command->run(Object(Symfony\Component\Console\Input\ArgvInput), Object(Symfony\Component\Console\Output\ConsoleOutput))
#15 /Users/matthewcatellier/Desktop/CruiseApp/project/vendor/symfony/console/Application.php(815): Illuminate\Console\Command->run(Object(Symfony\Component\Console\Input\ArgvInput), Object(Symfony\Component\Console\Output\ConsoleOutput))
#16 /Users/matthewcatellier/Desktop/CruiseApp/project/vendor/symfony/console/Application.php(186): Symfony\Component\Console\Application->doRunCommand(Object(Illuminate\Database\Console\Migrations\RollbackCommand), Object(Symfony\Component\Console\Input\ArgvInput), Object(Symfony\Component\Console\Output\ConsoleOutput))
#17 /Users/matthewcatellier/Desktop/CruiseApp/project/vendor/symfony/console/Application.php(117): Symfony\Component\Console\Application->doRun(Object(Symfony\Component\Console\Input\ArgvInput), Object(Symfony\Component\Console\Output\ConsoleOutput))
#18 /Users/matthewcatellier/Desktop/CruiseApp/project/vendor/laravel/framework/src/Illuminate/Foundation/Console/Kernel.php(107): Symfony\Component\Console\Application->run(Object(Symfony\Component\Console\Input\ArgvInput), Object(Symfony\Component\Console\Output\ConsoleOutput))
#19 /Users/matthewcatellier/Desktop/CruiseApp/project/artisan(35): Illuminate\Foundation\Console\Kernel->handle(Object(Symfony\Component\Console\Input\ArgvInput), Object(Symfony\Component\Console\Output\ConsoleOutput))
#20 {main}  
[2016-04-19 15:28:04] local.ERROR: PDOException: SQLSTATE[42000]: Syntax error or access violation: 1072 Key column 'user_id' doesn't exist in table in /Users/matthewcatellier/Desktop/CruiseApp/project/vendor/laravel/framework/src/Illuminate/Database/Connection.php:429
Stack trace:
#0 /Users/matthewcatellier/Desktop/CruiseApp/project/vendor/laravel/framework/src/Illuminate/Database/Connection.php(429): PDOStatement->execute()
#1 /Users/matthewcatellier/Desktop/CruiseApp/project/vendor/laravel/framework/src/Illuminate/Database/Connection.php(689): Illuminate\Database\Connection->Illuminate\Database\{closure}(Object(Illuminate\Database\MySqlConnection), 'alter table `us...', Array)
#2 /Users/matthewcatellier/Desktop/CruiseApp/project/vendor/laravel/framework/src/Illuminate/Database/Connection.php(652): Illuminate\Database\Connection->runQueryCallback('alter table `us...', Array, Object(Closure))
#3 /Users/matthewcatellier/Desktop/CruiseApp/project/vendor/laravel/framework/src/Illuminate/Database/Connection.php(430): Illuminate\Database\Connection->run('alter table `us...', Array, Object(Closure))
#4 /Users/matthewcatellier/Desktop/CruiseApp/project/vendor/laravel/framework/src/Illuminate/Database/Schema/Blueprint.php(83): Illuminate\Database\Connection->statement('alter table `us...')
#5 /Users/matthewcatellier/Desktop/CruiseApp/project/vendor/laravel/framework/src/Illuminate/Database/Schema/Builder.php(205): Illuminate\Database\Schema\Blueprint->build(Object(Illuminate\Database\MySqlConnection), Object(Illuminate\Database\Schema\Grammars\MySqlGrammar))
#6 /Users/matthewcatellier/Desktop/CruiseApp/project/vendor/laravel/framework/src/Illuminate/Database/Schema/Builder.php(148): Illuminate\Database\Schema\Builder->build(Object(Illuminate\Database\Schema\Blueprint))
#7 /Users/matthewcatellier/Desktop/CruiseApp/project/vendor/laravel/framework/src/Illuminate/Support/Facades/Facade.php(213): Illuminate\Database\Schema\Builder->create('user_sailings', Object(Closure))
#8 /Users/matthewcatellier/Desktop/CruiseApp/project/database/migrations/2016_04_19_151856_user_sailings.php(24): Illuminate\Support\Facades\Facade::__callStatic('create', Array)
#9 /Users/matthewcatellier/Desktop/CruiseApp/project/vendor/laravel/framework/src/Illuminate/Database/Migrations/Migrator.php(147): UserSailings->up()
#10 /Users/matthewcatellier/Desktop/CruiseApp/project/vendor/laravel/framework/src/Illuminate/Database/Migrations/Migrator.php(117): Illuminate\Database\Migrations\Migrator->runUp('2016_04_19_1518...', 1, false)
#11 /Users/matthewcatellier/Desktop/CruiseApp/project/vendor/laravel/framework/src/Illuminate/Database/Migrations/Migrator.php(86): Illuminate\Database\Migrations\Migrator->runMigrationList(Array, Array)
#12 /Users/matthewcatellier/Desktop/CruiseApp/project/vendor/laravel/framework/src/Illuminate/Database/Console/Migrations/MigrateCommand.php(76): Illuminate\Database\Migrations\Migrator->run('/Users/matthewc...', Array)
#13 [internal function]: Illuminate\Database\Console\Migrations\MigrateCommand->fire()
#14 /Users/matthewcatellier/Desktop/CruiseApp/project/vendor/laravel/framework/src/Illuminate/Container/Container.php(507): call_user_func_array(Array, Array)
#15 /Users/matthewcatellier/Desktop/CruiseApp/project/vendor/laravel/framework/src/Illuminate/Console/Command.php(169): Illuminate\Container\Container->call(Array)
#16 /Users/matthewcatellier/Desktop/CruiseApp/project/vendor/symfony/console/Command/Command.php(256): Illuminate\Console\Command->execute(Object(Symfony\Component\Console\Input\ArgvInput), Object(Symfony\Component\Console\Output\ConsoleOutput))
#17 /Users/matthewcatellier/Desktop/CruiseApp/project/vendor/laravel/framework/src/Illuminate/Console/Command.php(155): Symfony\Component\Console\Command\Command->run(Object(Symfony\Component\Console\Input\ArgvInput), Object(Symfony\Component\Console\Output\ConsoleOutput))
#18 /Users/matthewcatellier/Desktop/CruiseApp/project/vendor/symfony/console/Application.php(815): Illuminate\Console\Command->run(Object(Symfony\Component\Console\Input\ArgvInput), Object(Symfony\Component\Console\Output\ConsoleOutput))
#19 /Users/matthewcatellier/Desktop/CruiseApp/project/vendor/symfony/console/Application.php(186): Symfony\Component\Console\Application->doRunCommand(Object(Illuminate\Database\Console\Migrations\MigrateCommand), Object(Symfony\Component\Console\Input\ArgvInput), Object(Symfony\Component\Console\Output\ConsoleOutput))
#20 /Users/matthewcatellier/Desktop/CruiseApp/project/vendor/symfony/console/Application.php(117): Symfony\Component\Console\Application->doRun(Object(Symfony\Component\Console\Input\ArgvInput), Object(Symfony\Component\Console\Output\ConsoleOutput))
#21 /Users/matthewcatellier/Desktop/CruiseApp/project/vendor/laravel/framework/src/Illuminate/Foundation/Console/Kernel.php(107): Symfony\Component\Console\Application->run(Object(Symfony\Component\Console\Input\ArgvInput), Object(Symfony\Component\Console\Output\ConsoleOutput))
#22 /Users/matthewcatellier/Desktop/CruiseApp/project/artisan(35): Illuminate\Foundation\Console\Kernel->handle(Object(Symfony\Component\Console\Input\ArgvInput), Object(Symfony\Component\Console\Output\ConsoleOutput))
#23 {main}

Next Illuminate\Database\QueryException: SQLSTATE[42000]: Syntax error or access violation: 1072 Key column 'user_id' doesn't exist in table (SQL: alter table `user_sailings` add constraint `user_sailings_user_id_foreign` foreign key (`user_id`) references `users` (`id`)) in /Users/matthewcatellier/Desktop/CruiseApp/project/vendor/laravel/framework/src/Illuminate/Database/Connection.php:696
Stack trace:
#0 /Users/matthewcatellier/Desktop/CruiseApp/project/vendor/laravel/framework/src/Illuminate/Database/Connection.php(652): Illuminate\Database\Connection->runQueryCallback('alter table `us...', Array, Object(Closure))
#1 /Users/matthewcatellier/Desktop/CruiseApp/project/vendor/laravel/framework/src/Illuminate/Database/Connection.php(430): Illuminate\Database\Connection->run('alter table `us...', Array, Object(Closure))
#2 /Users/matthewcatellier/Desktop/CruiseApp/project/vendor/laravel/framework/src/Illuminate/Database/Schema/Blueprint.php(83): Illuminate\Database\Connection->statement('alter table `us...')
#3 /Users/matthewcatellier/Desktop/CruiseApp/project/vendor/laravel/framework/src/Illuminate/Database/Schema/Builder.php(205): Illuminate\Database\Schema\Blueprint->build(Object(Illuminate\Database\MySqlConnection), Object(Illuminate\Database\Schema\Grammars\MySqlGrammar))
#4 /Users/matthewcatellier/Desktop/CruiseApp/project/vendor/laravel/framework/src/Illuminate/Database/Schema/Builder.php(148): Illuminate\Database\Schema\Builder->build(Object(Illuminate\Database\Schema\Blueprint))
#5 /Users/matthewcatellier/Desktop/CruiseApp/project/vendor/laravel/framework/src/Illuminate/Support/Facades/Facade.php(213): Illuminate\Database\Schema\Builder->create('user_sailings', Object(Closure))
#6 /Users/matthewcatellier/Desktop/CruiseApp/project/database/migrations/2016_04_19_151856_user_sailings.php(24): Illuminate\Support\Facades\Facade::__callStatic('create', Array)
#7 /Users/matthewcatellier/Desktop/CruiseApp/project/vendor/laravel/framework/src/Illuminate/Database/Migrations/Migrator.php(147): UserSailings->up()
#8 /Users/matthewcatellier/Desktop/CruiseApp/project/vendor/laravel/framework/src/Illuminate/Database/Migrations/Migrator.php(117): Illuminate\Database\Migrations\Migrator->runUp('2016_04_19_1518...', 1, false)
#9 /Users/matthewcatellier/Desktop/CruiseApp/project/vendor/laravel/framework/src/Illuminate/Database/Migrations/Migrator.php(86): Illuminate\Database\Migrations\Migrator->runMigrationList(Array, Array)
#10 /Users/matthewcatellier/Desktop/CruiseApp/project/vendor/laravel/framework/src/Illuminate/Database/Console/Migrations/MigrateCommand.php(76): Illuminate\Database\Migrations\Migrator->run('/Users/matthewc...', Array)
#11 [internal function]: Illuminate\Database\Console\Migrations\MigrateCommand->fire()
#12 /Users/matthewcatellier/Desktop/CruiseApp/project/vendor/laravel/framework/src/Illuminate/Container/Container.php(507): call_user_func_array(Array, Array)
#13 /Users/matthewcatellier/Desktop/CruiseApp/project/vendor/laravel/framework/src/Illuminate/Console/Command.php(169): Illuminate\Container\Container->call(Array)
#14 /Users/matthewcatellier/Desktop/CruiseApp/project/vendor/symfony/console/Command/Command.php(256): Illuminate\Console\Command->execute(Object(Symfony\Component\Console\Input\ArgvInput), Object(Symfony\Component\Console\Output\ConsoleOutput))
#15 /Users/matthewcatellier/Desktop/CruiseApp/project/vendor/laravel/framework/src/Illuminate/Console/Command.php(155): Symfony\Component\Console\Command\Command->run(Object(Symfony\Component\Console\Input\ArgvInput), Object(Symfony\Component\Console\Output\ConsoleOutput))
#16 /Users/matthewcatellier/Desktop/CruiseApp/project/vendor/symfony/console/Application.php(815): Illuminate\Console\Command->run(Object(Symfony\Component\Console\Input\ArgvInput), Object(Symfony\Component\Console\Output\ConsoleOutput))
#17 /Users/matthewcatellier/Desktop/CruiseApp/project/vendor/symfony/console/Application.php(186): Symfony\Component\Console\Application->doRunCommand(Object(Illuminate\Database\Console\Migrations\MigrateCommand), Object(Symfony\Component\Console\Input\ArgvInput), Object(Symfony\Component\Console\Output\ConsoleOutput))
#18 /Users/matthewcatellier/Desktop/CruiseApp/project/vendor/symfony/console/Application.php(117): Symfony\Component\Console\Application->doRun(Object(Symfony\Component\Console\Input\ArgvInput), Object(Symfony\Component\Console\Output\ConsoleOutput))
#19 /Users/matthewcatellier/Desktop/CruiseApp/project/vendor/laravel/framework/src/Illuminate/Foundation/Console/Kernel.php(107): Symfony\Component\Console\Application->run(Object(Symfony\Component\Console\Input\ArgvInput), Object(Symfony\Component\Console\Output\ConsoleOutput))
#20 /Users/matthewcatellier/Desktop/CruiseApp/project/artisan(35): Illuminate\Foundation\Console\Kernel->handle(Object(Symfony\Component\Console\Input\ArgvInput), Object(Symfony\Component\Console\Output\ConsoleOutput))
#21 {main}  
[2016-04-19 15:28:11] local.ERROR: PDOException: SQLSTATE[23000]: Integrity constraint violation: 1217 Cannot delete or update a parent row: a foreign key constraint fails in /Users/matthewcatellier/Desktop/CruiseApp/project/vendor/laravel/framework/src/Illuminate/Database/Connection.php:429
Stack trace:
#0 /Users/matthewcatellier/Desktop/CruiseApp/project/vendor/laravel/framework/src/Illuminate/Database/Connection.php(429): PDOStatement->execute()
#1 /Users/matthewcatellier/Desktop/CruiseApp/project/vendor/laravel/framework/src/Illuminate/Database/Connection.php(689): Illuminate\Database\Connection->Illuminate\Database\{closure}(Object(Illuminate\Database\MySqlConnection), 'drop table `sai...', Array)
#2 /Users/matthewcatellier/Desktop/CruiseApp/project/vendor/laravel/framework/src/Illuminate/Database/Connection.php(652): Illuminate\Database\Connection->runQueryCallback('drop table `sai...', Array, Object(Closure))
#3 /Users/matthewcatellier/Desktop/CruiseApp/project/vendor/laravel/framework/src/Illuminate/Database/Connection.php(430): Illuminate\Database\Connection->run('drop table `sai...', Array, Object(Closure))
#4 /Users/matthewcatellier/Desktop/CruiseApp/project/vendor/laravel/framework/src/Illuminate/Database/Schema/Blueprint.php(83): Illuminate\Database\Connection->statement('drop table `sai...')
#5 /Users/matthewcatellier/Desktop/CruiseApp/project/vendor/laravel/framework/src/Illuminate/Database/Schema/Builder.php(205): Illuminate\Database\Schema\Blueprint->build(Object(Illuminate\Database\MySqlConnection), Object(Illuminate\Database\Schema\Grammars\MySqlGrammar))
#6 /Users/matthewcatellier/Desktop/CruiseApp/project/vendor/laravel/framework/src/Illuminate/Database/Schema/Builder.php(163): Illuminate\Database\Schema\Builder->build(Object(Illuminate\Database\Schema\Blueprint))
#7 /Users/matthewcatellier/Desktop/CruiseApp/project/vendor/laravel/framework/src/Illuminate/Support/Facades/Facade.php(213): Illuminate\Database\Schema\Builder->drop('sailings')
#8 /Users/matthewcatellier/Desktop/CruiseApp/project/database/migrations/2016_04_19_151526_sailings.php(33): Illuminate\Support\Facades\Facade::__callStatic('drop', Array)
#9 /Users/matthewcatellier/Desktop/CruiseApp/project/vendor/laravel/framework/src/Illuminate/Database/Migrations/Migrator.php(233): Sailings->down()
#10 /Users/matthewcatellier/Desktop/CruiseApp/project/vendor/laravel/framework/src/Illuminate/Database/Migrations/Migrator.php(181): Illuminate\Database\Migrations\Migrator->runDown(Object(stdClass), false)
#11 /Users/matthewcatellier/Desktop/CruiseApp/project/vendor/laravel/framework/src/Illuminate/Database/Console/Migrations/RollbackCommand.php(63): Illuminate\Database\Migrations\Migrator->rollback(false)
#12 [internal function]: Illuminate\Database\Console\Migrations\RollbackCommand->fire()
#13 /Users/matthewcatellier/Desktop/CruiseApp/project/vendor/laravel/framework/src/Illuminate/Container/Container.php(507): call_user_func_array(Array, Array)
#14 /Users/matthewcatellier/Desktop/CruiseApp/project/vendor/laravel/framework/src/Illuminate/Console/Command.php(169): Illuminate\Container\Container->call(Array)
#15 /Users/matthewcatellier/Desktop/CruiseApp/project/vendor/symfony/console/Command/Command.php(256): Illuminate\Console\Command->execute(Object(Symfony\Component\Console\Input\ArgvInput), Object(Symfony\Component\Console\Output\ConsoleOutput))
#16 /Users/matthewcatellier/Desktop/CruiseApp/project/vendor/laravel/framework/src/Illuminate/Console/Command.php(155): Symfony\Component\Console\Command\Command->run(Object(Symfony\Component\Console\Input\ArgvInput), Object(Symfony\Component\Console\Output\ConsoleOutput))
#17 /Users/matthewcatellier/Desktop/CruiseApp/project/vendor/symfony/console/Application.php(815): Illuminate\Console\Command->run(Object(Symfony\Component\Console\Input\ArgvInput), Object(Symfony\Component\Console\Output\ConsoleOutput))
#18 /Users/matthewcatellier/Desktop/CruiseApp/project/vendor/symfony/console/Application.php(186): Symfony\Component\Console\Application->doRunCommand(Object(Illuminate\Database\Console\Migrations\RollbackCommand), Object(Symfony\Component\Console\Input\ArgvInput), Object(Symfony\Component\Console\Output\ConsoleOutput))
#19 /Users/matthewcatellier/Desktop/CruiseApp/project/vendor/symfony/console/Application.php(117): Symfony\Component\Console\Application->doRun(Object(Symfony\Component\Console\Input\ArgvInput), Object(Symfony\Component\Console\Output\ConsoleOutput))
#20 /Users/matthewcatellier/Desktop/CruiseApp/project/vendor/laravel/framework/src/Illuminate/Foundation/Console/Kernel.php(107): Symfony\Component\Console\Application->run(Object(Symfony\Component\Console\Input\ArgvInput), Object(Symfony\Component\Console\Output\ConsoleOutput))
#21 /Users/matthewcatellier/Desktop/CruiseApp/project/artisan(35): Illuminate\Foundation\Console\Kernel->handle(Object(Symfony\Component\Console\Input\ArgvInput), Object(Symfony\Component\Console\Output\ConsoleOutput))
#22 {main}

Next Illuminate\Database\QueryException: SQLSTATE[23000]: Integrity constraint violation: 1217 Cannot delete or update a parent row: a foreign key constraint fails (SQL: drop table `sailings`) in /Users/matthewcatellier/Desktop/CruiseApp/project/vendor/laravel/framework/src/Illuminate/Database/Connection.php:696
Stack trace:
#0 /Users/matthewcatellier/Desktop/CruiseApp/project/vendor/laravel/framework/src/Illuminate/Database/Connection.php(652): Illuminate\Database\Connection->runQueryCallback('drop table `sai...', Array, Object(Closure))
#1 /Users/matthewcatellier/Desktop/CruiseApp/project/vendor/laravel/framework/src/Illuminate/Database/Connection.php(430): Illuminate\Database\Connection->run('drop table `sai...', Array, Object(Closure))
#2 /Users/matthewcatellier/Desktop/CruiseApp/project/vendor/laravel/framework/src/Illuminate/Database/Schema/Blueprint.php(83): Illuminate\Database\Connection->statement('drop table `sai...')
#3 /Users/matthewcatellier/Desktop/CruiseApp/project/vendor/laravel/framework/src/Illuminate/Database/Schema/Builder.php(205): Illuminate\Database\Schema\Blueprint->build(Object(Illuminate\Database\MySqlConnection), Object(Illuminate\Database\Schema\Grammars\MySqlGrammar))
#4 /Users/matthewcatellier/Desktop/CruiseApp/project/vendor/laravel/framework/src/Illuminate/Database/Schema/Builder.php(163): Illuminate\Database\Schema\Builder->build(Object(Illuminate\Database\Schema\Blueprint))
#5 /Users/matthewcatellier/Desktop/CruiseApp/project/vendor/laravel/framework/src/Illuminate/Support/Facades/Facade.php(213): Illuminate\Database\Schema\Builder->drop('sailings')
#6 /Users/matthewcatellier/Desktop/CruiseApp/project/database/migrations/2016_04_19_151526_sailings.php(33): Illuminate\Support\Facades\Facade::__callStatic('drop', Array)
#7 /Users/matthewcatellier/Desktop/CruiseApp/project/vendor/laravel/framework/src/Illuminate/Database/Migrations/Migrator.php(233): Sailings->down()
#8 /Users/matthewcatellier/Desktop/CruiseApp/project/vendor/laravel/framework/src/Illuminate/Database/Migrations/Migrator.php(181): Illuminate\Database\Migrations\Migrator->runDown(Object(stdClass), false)
#9 /Users/matthewcatellier/Desktop/CruiseApp/project/vendor/laravel/framework/src/Illuminate/Database/Console/Migrations/RollbackCommand.php(63): Illuminate\Database\Migrations\Migrator->rollback(false)
#10 [internal function]: Illuminate\Database\Console\Migrations\RollbackCommand->fire()
#11 /Users/matthewcatellier/Desktop/CruiseApp/project/vendor/laravel/framework/src/Illuminate/Container/Container.php(507): call_user_func_array(Array, Array)
#12 /Users/matthewcatellier/Desktop/CruiseApp/project/vendor/laravel/framework/src/Illuminate/Console/Command.php(169): Illuminate\Container\Container->call(Array)
#13 /Users/matthewcatellier/Desktop/CruiseApp/project/vendor/symfony/console/Command/Command.php(256): Illuminate\Console\Command->execute(Object(Symfony\Component\Console\Input\ArgvInput), Object(Symfony\Component\Console\Output\ConsoleOutput))
#14 /Users/matthewcatellier/Desktop/CruiseApp/project/vendor/laravel/framework/src/Illuminate/Console/Command.php(155): Symfony\Component\Console\Command\Command->run(Object(Symfony\Component\Console\Input\ArgvInput), Object(Symfony\Component\Console\Output\ConsoleOutput))
#15 /Users/matthewcatellier/Desktop/CruiseApp/project/vendor/symfony/console/Application.php(815): Illuminate\Console\Command->run(Object(Symfony\Component\Console\Input\ArgvInput), Object(Symfony\Component\Console\Output\ConsoleOutput))
#16 /Users/matthewcatellier/Desktop/CruiseApp/project/vendor/symfony/console/Application.php(186): Symfony\Component\Console\Application->doRunCommand(Object(Illuminate\Database\Console\Migrations\RollbackCommand), Object(Symfony\Component\Console\Input\ArgvInput), Object(Symfony\Component\Console\Output\ConsoleOutput))
#17 /Users/matthewcatellier/Desktop/CruiseApp/project/vendor/symfony/console/Application.php(117): Symfony\Component\Console\Application->doRun(Object(Symfony\Component\Console\Input\ArgvInput), Object(Symfony\Component\Console\Output\ConsoleOutput))
#18 /Users/matthewcatellier/Desktop/CruiseApp/project/vendor/laravel/framework/src/Illuminate/Foundation/Console/Kernel.php(107): Symfony\Component\Console\Application->run(Object(Symfony\Component\Console\Input\ArgvInput), Object(Symfony\Component\Console\Output\ConsoleOutput))
#19 /Users/matthewcatellier/Desktop/CruiseApp/project/artisan(35): Illuminate\Foundation\Console\Kernel->handle(Object(Symfony\Component\Console\Input\ArgvInput), Object(Symfony\Component\Console\Output\ConsoleOutput))
#20 {main}
[2016-04-20 21:27:22] local.ERROR: PDOException: SQLSTATE[42S01]: Base table or view already exists: 1050 Table 'roles' already exists in C:\Users\MarioHugo\PhpstormProjects\IndustryProject\project\vendor\laravel\framework\src\Illuminate\Database\Connection.php:429
Stack trace:
#0 C:\Users\MarioHugo\PhpstormProjects\IndustryProject\project\vendor\laravel\framework\src\Illuminate\Database\Connection.php(429): PDOStatement->execute()
#1 C:\Users\MarioHugo\PhpstormProjects\IndustryProject\project\vendor\laravel\framework\src\Illuminate\Database\Connection.php(689): Illuminate\Database\Connection->Illuminate\Database\{closure}(Object(Illuminate\Database\MySqlConnection), 'create table `r...', Array)
#2 C:\Users\MarioHugo\PhpstormProjects\IndustryProject\project\vendor\laravel\framework\src\Illuminate\Database\Connection.php(652): Illuminate\Database\Connection->runQueryCallback('create table `r...', Array, Object(Closure))
#3 C:\Users\MarioHugo\PhpstormProjects\IndustryProject\project\vendor\laravel\framework\src\Illuminate\Database\Connection.php(430): Illuminate\Database\Connection->run('create table `r...', Array, Object(Closure))
#4 C:\Users\MarioHugo\PhpstormProjects\IndustryProject\project\vendor\laravel\framework\src\Illuminate\Database\Schema\Blueprint.php(83): Illuminate\Database\Connection->statement('create table `r...')
#5 C:\Users\MarioHugo\PhpstormProjects\IndustryProject\project\vendor\laravel\framework\src\Illuminate\Database\Schema\Builder.php(205): Illuminate\Database\Schema\Blueprint->build(Object(Illuminate\Database\MySqlConnection), Object(Illuminate\Database\Schema\Grammars\MySqlGrammar))
#6 C:\Users\MarioHugo\PhpstormProjects\IndustryProject\project\vendor\laravel\framework\src\Illuminate\Database\Schema\Builder.php(148): Illuminate\Database\Schema\Builder->build(Object(Illuminate\Database\Schema\Blueprint))
#7 C:\Users\MarioHugo\PhpstormProjects\IndustryProject\project\vendor\laravel\framework\src\Illuminate\Support\Facades\Facade.php(213): Illuminate\Database\Schema\Builder->create('roles', Object(Closure))
#8 C:\Users\MarioHugo\PhpstormProjects\IndustryProject\project\database\migrations\2016_04_20_212642_create_roles_table.php(19): Illuminate\Support\Facades\Facade::__callStatic('create', Array)
#9 C:\Users\MarioHugo\PhpstormProjects\IndustryProject\project\vendor\laravel\framework\src\Illuminate\Database\Migrations\Migrator.php(147): CreateRolesTable->up()
#10 C:\Users\MarioHugo\PhpstormProjects\IndustryProject\project\vendor\laravel\framework\src\Illuminate\Database\Migrations\Migrator.php(117): Illuminate\Database\Migrations\Migrator->runUp('2016_04_20_2126...', 3, false)
#11 C:\Users\MarioHugo\PhpstormProjects\IndustryProject\project\vendor\laravel\framework\src\Illuminate\Database\Migrations\Migrator.php(86): Illuminate\Database\Migrations\Migrator->runMigrationList(Array, Array)
#12 C:\Users\MarioHugo\PhpstormProjects\IndustryProject\project\vendor\laravel\framework\src\Illuminate\Database\Console\Migrations\MigrateCommand.php(76): Illuminate\Database\Migrations\Migrator->run('C:\\Users\\MarioH...', Array)
#13 [internal function]: Illuminate\Database\Console\Migrations\MigrateCommand->fire()
#14 C:\Users\MarioHugo\PhpstormProjects\IndustryProject\project\vendor\laravel\framework\src\Illuminate\Container\Container.php(507): call_user_func_array(Array, Array)
#15 C:\Users\MarioHugo\PhpstormProjects\IndustryProject\project\vendor\laravel\framework\src\Illuminate\Console\Command.php(169): Illuminate\Container\Container->call(Array)
#16 C:\Users\MarioHugo\PhpstormProjects\IndustryProject\project\vendor\symfony\console\Command\Command.php(256): Illuminate\Console\Command->execute(Object(Symfony\Component\Console\Input\ArgvInput), Object(Symfony\Component\Console\Output\ConsoleOutput))
#17 C:\Users\MarioHugo\PhpstormProjects\IndustryProject\project\vendor\laravel\framework\src\Illuminate\Console\Command.php(155): Symfony\Component\Console\Command\Command->run(Object(Symfony\Component\Console\Input\ArgvInput), Object(Symfony\Component\Console\Output\ConsoleOutput))
#18 C:\Users\MarioHugo\PhpstormProjects\IndustryProject\project\vendor\symfony\console\Application.php(815): Illuminate\Console\Command->run(Object(Symfony\Component\Console\Input\ArgvInput), Object(Symfony\Component\Console\Output\ConsoleOutput))
#19 C:\Users\MarioHugo\PhpstormProjects\IndustryProject\project\vendor\symfony\console\Application.php(186): Symfony\Component\Console\Application->doRunCommand(Object(Illuminate\Database\Console\Migrations\MigrateCommand), Object(Symfony\Component\Console\Input\ArgvInput), Object(Symfony\Component\Console\Output\ConsoleOutput))
#20 C:\Users\MarioHugo\PhpstormProjects\IndustryProject\project\vendor\symfony\console\Application.php(117): Symfony\Component\Console\Application->doRun(Object(Symfony\Component\Console\Input\ArgvInput), Object(Symfony\Component\Console\Output\ConsoleOutput))
#21 C:\Users\MarioHugo\PhpstormProjects\IndustryProject\project\vendor\laravel\framework\src\Illuminate\Foundation\Console\Kernel.php(107): Symfony\Component\Console\Application->run(Object(Symfony\Component\Console\Input\ArgvInput), Object(Symfony\Component\Console\Output\ConsoleOutput))
#22 C:\Users\MarioHugo\PhpstormProjects\IndustryProject\project\artisan(35): Illuminate\Foundation\Console\Kernel->handle(Object(Symfony\Component\Console\Input\ArgvInput), Object(Symfony\Component\Console\Output\ConsoleOutput))
#23 {main}

Next Illuminate\Database\QueryException: SQLSTATE[42S01]: Base table or view already exists: 1050 Table 'roles' already exists (SQL: create table `roles` (`id` int unsigned not null auto_increment primary key, `role` varchar(255) not null, `created_at` timestamp null, `updated_at` timestamp null) default character set utf8 collate utf8_unicode_ci) in C:\Users\MarioHugo\PhpstormProjects\IndustryProject\project\vendor\laravel\framework\src\Illuminate\Database\Connection.php:696
Stack trace:
#0 C:\Users\MarioHugo\PhpstormProjects\IndustryProject\project\vendor\laravel\framework\src\Illuminate\Database\Connection.php(652): Illuminate\Database\Connection->runQueryCallback('create table `r...', Array, Object(Closure))
#1 C:\Users\MarioHugo\PhpstormProjects\IndustryProject\project\vendor\laravel\framework\src\Illuminate\Database\Connection.php(430): Illuminate\Database\Connection->run('create table `r...', Array, Object(Closure))
#2 C:\Users\MarioHugo\PhpstormProjects\IndustryProject\project\vendor\laravel\framework\src\Illuminate\Database\Schema\Blueprint.php(83): Illuminate\Database\Connection->statement('create table `r...')
#3 C:\Users\MarioHugo\PhpstormProjects\IndustryProject\project\vendor\laravel\framework\src\Illuminate\Database\Schema\Builder.php(205): Illuminate\Database\Schema\Blueprint->build(Object(Illuminate\Database\MySqlConnection), Object(Illuminate\Database\Schema\Grammars\MySqlGrammar))
#4 C:\Users\MarioHugo\PhpstormProjects\IndustryProject\project\vendor\laravel\framework\src\Illuminate\Database\Schema\Builder.php(148): Illuminate\Database\Schema\Builder->build(Object(Illuminate\Database\Schema\Blueprint))
#5 C:\Users\MarioHugo\PhpstormProjects\IndustryProject\project\vendor\laravel\framework\src\Illuminate\Support\Facades\Facade.php(213): Illuminate\Database\Schema\Builder->create('roles', Object(Closure))
#6 C:\Users\MarioHugo\PhpstormProjects\IndustryProject\project\database\migrations\2016_04_20_212642_create_roles_table.php(19): Illuminate\Support\Facades\Facade::__callStatic('create', Array)
#7 C:\Users\MarioHugo\PhpstormProjects\IndustryProject\project\vendor\laravel\framework\src\Illuminate\Database\Migrations\Migrator.php(147): CreateRolesTable->up()
#8 C:\Users\MarioHugo\PhpstormProjects\IndustryProject\project\vendor\laravel\framework\src\Illuminate\Database\Migrations\Migrator.php(117): Illuminate\Database\Migrations\Migrator->runUp('2016_04_20_2126...', 3, false)
#9 C:\Users\MarioHugo\PhpstormProjects\IndustryProject\project\vendor\laravel\framework\src\Illuminate\Database\Migrations\Migrator.php(86): Illuminate\Database\Migrations\Migrator->runMigrationList(Array, Array)
#10 C:\Users\MarioHugo\PhpstormProjects\IndustryProject\project\vendor\laravel\framework\src\Illuminate\Database\Console\Migrations\MigrateCommand.php(76): Illuminate\Database\Migrations\Migrator->run('C:\\Users\\MarioH...', Array)
#11 [internal function]: Illuminate\Database\Console\Migrations\MigrateCommand->fire()
#12 C:\Users\MarioHugo\PhpstormProjects\IndustryProject\project\vendor\laravel\framework\src\Illuminate\Container\Container.php(507): call_user_func_array(Array, Array)
#13 C:\Users\MarioHugo\PhpstormProjects\IndustryProject\project\vendor\laravel\framework\src\Illuminate\Console\Command.php(169): Illuminate\Container\Container->call(Array)
#14 C:\Users\MarioHugo\PhpstormProjects\IndustryProject\project\vendor\symfony\console\Command\Command.php(256): Illuminate\Console\Command->execute(Object(Symfony\Component\Console\Input\ArgvInput), Object(Symfony\Component\Console\Output\ConsoleOutput))
#15 C:\Users\MarioHugo\PhpstormProjects\IndustryProject\project\vendor\laravel\framework\src\Illuminate\Console\Command.php(155): Symfony\Component\Console\Command\Command->run(Object(Symfony\Component\Console\Input\ArgvInput), Object(Symfony\Component\Console\Output\ConsoleOutput))
#16 C:\Users\MarioHugo\PhpstormProjects\IndustryProject\project\vendor\symfony\console\Application.php(815): Illuminate\Console\Command->run(Object(Symfony\Component\Console\Input\ArgvInput), Object(Symfony\Component\Console\Output\ConsoleOutput))
#17 C:\Users\MarioHugo\PhpstormProjects\IndustryProject\project\vendor\symfony\console\Application.php(186): Symfony\Component\Console\Application->doRunCommand(Object(Illuminate\Database\Console\Migrations\MigrateCommand), Object(Symfony\Component\Console\Input\ArgvInput), Object(Symfony\Component\Console\Output\ConsoleOutput))
#18 C:\Users\MarioHugo\PhpstormProjects\IndustryProject\project\vendor\symfony\console\Application.php(117): Symfony\Component\Console\Application->doRun(Object(Symfony\Component\Console\Input\ArgvInput), Object(Symfony\Component\Console\Output\ConsoleOutput))
#19 C:\Users\MarioHugo\PhpstormProjects\IndustryProject\project\vendor\laravel\framework\src\Illuminate\Foundation\Console\Kernel.php(107): Symfony\Component\Console\Application->run(Object(Symfony\Component\Console\Input\ArgvInput), Object(Symfony\Component\Console\Output\ConsoleOutput))
#20 C:\Users\MarioHugo\PhpstormProjects\IndustryProject\project\artisan(35): Illuminate\Foundation\Console\Kernel->handle(Object(Symfony\Component\Console\Input\ArgvInput), Object(Symfony\Component\Console\Output\ConsoleOutput))
#21 {main}  
[2016-04-20 21:28:02] local.ERROR: PDOException: SQLSTATE[42S01]: Base table or view already exists: 1050 Table 'user_roles' already exists in C:\Users\MarioHugo\PhpstormProjects\IndustryProject\project\vendor\laravel\framework\src\Illuminate\Database\Connection.php:429
Stack trace:
#0 C:\Users\MarioHugo\PhpstormProjects\IndustryProject\project\vendor\laravel\framework\src\Illuminate\Database\Connection.php(429): PDOStatement->execute()
#1 C:\Users\MarioHugo\PhpstormProjects\IndustryProject\project\vendor\laravel\framework\src\Illuminate\Database\Connection.php(689): Illuminate\Database\Connection->Illuminate\Database\{closure}(Object(Illuminate\Database\MySqlConnection), 'create table `u...', Array)
#2 C:\Users\MarioHugo\PhpstormProjects\IndustryProject\project\vendor\laravel\framework\src\Illuminate\Database\Connection.php(652): Illuminate\Database\Connection->runQueryCallback('create table `u...', Array, Object(Closure))
#3 C:\Users\MarioHugo\PhpstormProjects\IndustryProject\project\vendor\laravel\framework\src\Illuminate\Database\Connection.php(430): Illuminate\Database\Connection->run('create table `u...', Array, Object(Closure))
#4 C:\Users\MarioHugo\PhpstormProjects\IndustryProject\project\vendor\laravel\framework\src\Illuminate\Database\Schema\Blueprint.php(83): Illuminate\Database\Connection->statement('create table `u...')
#5 C:\Users\MarioHugo\PhpstormProjects\IndustryProject\project\vendor\laravel\framework\src\Illuminate\Database\Schema\Builder.php(205): Illuminate\Database\Schema\Blueprint->build(Object(Illuminate\Database\MySqlConnection), Object(Illuminate\Database\Schema\Grammars\MySqlGrammar))
#6 C:\Users\MarioHugo\PhpstormProjects\IndustryProject\project\vendor\laravel\framework\src\Illuminate\Database\Schema\Builder.php(148): Illuminate\Database\Schema\Builder->build(Object(Illuminate\Database\Schema\Blueprint))
#7 C:\Users\MarioHugo\PhpstormProjects\IndustryProject\project\vendor\laravel\framework\src\Illuminate\Support\Facades\Facade.php(213): Illuminate\Database\Schema\Builder->create('user_roles', Object(Closure))
#8 C:\Users\MarioHugo\PhpstormProjects\IndustryProject\project\database\migrations\2016_04_20_212642_create_roles_table.php(22): Illuminate\Support\Facades\Facade::__callStatic('create', Array)
#9 C:\Users\MarioHugo\PhpstormProjects\IndustryProject\project\vendor\laravel\framework\src\Illuminate\Database\Migrations\Migrator.php(147): CreateRolesTable->up()
#10 C:\Users\MarioHugo\PhpstormProjects\IndustryProject\project\vendor\laravel\framework\src\Illuminate\Database\Migrations\Migrator.php(117): Illuminate\Database\Migrations\Migrator->runUp('2016_04_20_2126...', 3, false)
#11 C:\Users\MarioHugo\PhpstormProjects\IndustryProject\project\vendor\laravel\framework\src\Illuminate\Database\Migrations\Migrator.php(86): Illuminate\Database\Migrations\Migrator->runMigrationList(Array, Array)
#12 C:\Users\MarioHugo\PhpstormProjects\IndustryProject\project\vendor\laravel\framework\src\Illuminate\Database\Console\Migrations\MigrateCommand.php(76): Illuminate\Database\Migrations\Migrator->run('C:\\Users\\MarioH...', Array)
#13 [internal function]: Illuminate\Database\Console\Migrations\MigrateCommand->fire()
#14 C:\Users\MarioHugo\PhpstormProjects\IndustryProject\project\vendor\laravel\framework\src\Illuminate\Container\Container.php(507): call_user_func_array(Array, Array)
#15 C:\Users\MarioHugo\PhpstormProjects\IndustryProject\project\vendor\laravel\framework\src\Illuminate\Console\Command.php(169): Illuminate\Container\Container->call(Array)
#16 C:\Users\MarioHugo\PhpstormProjects\IndustryProject\project\vendor\symfony\console\Command\Command.php(256): Illuminate\Console\Command->execute(Object(Symfony\Component\Console\Input\ArgvInput), Object(Symfony\Component\Console\Output\ConsoleOutput))
#17 C:\Users\MarioHugo\PhpstormProjects\IndustryProject\project\vendor\laravel\framework\src\Illuminate\Console\Command.php(155): Symfony\Component\Console\Command\Command->run(Object(Symfony\Component\Console\Input\ArgvInput), Object(Symfony\Component\Console\Output\ConsoleOutput))
#18 C:\Users\MarioHugo\PhpstormProjects\IndustryProject\project\vendor\symfony\console\Application.php(815): Illuminate\Console\Command->run(Object(Symfony\Component\Console\Input\ArgvInput), Object(Symfony\Component\Console\Output\ConsoleOutput))
#19 C:\Users\MarioHugo\PhpstormProjects\IndustryProject\project\vendor\symfony\console\Application.php(186): Symfony\Component\Console\Application->doRunCommand(Object(Illuminate\Database\Console\Migrations\MigrateCommand), Object(Symfony\Component\Console\Input\ArgvInput), Object(Symfony\Component\Console\Output\ConsoleOutput))
#20 C:\Users\MarioHugo\PhpstormProjects\IndustryProject\project\vendor\symfony\console\Application.php(117): Symfony\Component\Console\Application->doRun(Object(Symfony\Component\Console\Input\ArgvInput), Object(Symfony\Component\Console\Output\ConsoleOutput))
#21 C:\Users\MarioHugo\PhpstormProjects\IndustryProject\project\vendor\laravel\framework\src\Illuminate\Foundation\Console\Kernel.php(107): Symfony\Component\Console\Application->run(Object(Symfony\Component\Console\Input\ArgvInput), Object(Symfony\Component\Console\Output\ConsoleOutput))
#22 C:\Users\MarioHugo\PhpstormProjects\IndustryProject\project\artisan(35): Illuminate\Foundation\Console\Kernel->handle(Object(Symfony\Component\Console\Input\ArgvInput), Object(Symfony\Component\Console\Output\ConsoleOutput))
#23 {main}

Next Illuminate\Database\QueryException: SQLSTATE[42S01]: Base table or view already exists: 1050 Table 'user_roles' already exists (SQL: create table `user_roles` (`role_id` int not null, `user_id` int not null, `created_at` timestamp null, `updated_at` timestamp null) default character set utf8 collate utf8_unicode_ci) in C:\Users\MarioHugo\PhpstormProjects\IndustryProject\project\vendor\laravel\framework\src\Illuminate\Database\Connection.php:696
Stack trace:
#0 C:\Users\MarioHugo\PhpstormProjects\IndustryProject\project\vendor\laravel\framework\src\Illuminate\Database\Connection.php(652): Illuminate\Database\Connection->runQueryCallback('create table `u...', Array, Object(Closure))
#1 C:\Users\MarioHugo\PhpstormProjects\IndustryProject\project\vendor\laravel\framework\src\Illuminate\Database\Connection.php(430): Illuminate\Database\Connection->run('create table `u...', Array, Object(Closure))
#2 C:\Users\MarioHugo\PhpstormProjects\IndustryProject\project\vendor\laravel\framework\src\Illuminate\Database\Schema\Blueprint.php(83): Illuminate\Database\Connection->statement('create table `u...')
#3 C:\Users\MarioHugo\PhpstormProjects\IndustryProject\project\vendor\laravel\framework\src\Illuminate\Database\Schema\Builder.php(205): Illuminate\Database\Schema\Blueprint->build(Object(Illuminate\Database\MySqlConnection), Object(Illuminate\Database\Schema\Grammars\MySqlGrammar))
#4 C:\Users\MarioHugo\PhpstormProjects\IndustryProject\project\vendor\laravel\framework\src\Illuminate\Database\Schema\Builder.php(148): Illuminate\Database\Schema\Builder->build(Object(Illuminate\Database\Schema\Blueprint))
#5 C:\Users\MarioHugo\PhpstormProjects\IndustryProject\project\vendor\laravel\framework\src\Illuminate\Support\Facades\Facade.php(213): Illuminate\Database\Schema\Builder->create('user_roles', Object(Closure))
#6 C:\Users\MarioHugo\PhpstormProjects\IndustryProject\project\database\migrations\2016_04_20_212642_create_roles_table.php(22): Illuminate\Support\Facades\Facade::__callStatic('create', Array)
#7 C:\Users\MarioHugo\PhpstormProjects\IndustryProject\project\vendor\laravel\framework\src\Illuminate\Database\Migrations\Migrator.php(147): CreateRolesTable->up()
#8 C:\Users\MarioHugo\PhpstormProjects\IndustryProject\project\vendor\laravel\framework\src\Illuminate\Database\Migrations\Migrator.php(117): Illuminate\Database\Migrations\Migrator->runUp('2016_04_20_2126...', 3, false)
#9 C:\Users\MarioHugo\PhpstormProjects\IndustryProject\project\vendor\laravel\framework\src\Illuminate\Database\Migrations\Migrator.php(86): Illuminate\Database\Migrations\Migrator->runMigrationList(Array, Array)
#10 C:\Users\MarioHugo\PhpstormProjects\IndustryProject\project\vendor\laravel\framework\src\Illuminate\Database\Console\Migrations\MigrateCommand.php(76): Illuminate\Database\Migrations\Migrator->run('C:\\Users\\MarioH...', Array)
#11 [internal function]: Illuminate\Database\Console\Migrations\MigrateCommand->fire()
#12 C:\Users\MarioHugo\PhpstormProjects\IndustryProject\project\vendor\laravel\framework\src\Illuminate\Container\Container.php(507): call_user_func_array(Array, Array)
#13 C:\Users\MarioHugo\PhpstormProjects\IndustryProject\project\vendor\laravel\framework\src\Illuminate\Console\Command.php(169): Illuminate\Container\Container->call(Array)
#14 C:\Users\MarioHugo\PhpstormProjects\IndustryProject\project\vendor\symfony\console\Command\Command.php(256): Illuminate\Console\Command->execute(Object(Symfony\Component\Console\Input\ArgvInput), Object(Symfony\Component\Console\Output\ConsoleOutput))
#15 C:\Users\MarioHugo\PhpstormProjects\IndustryProject\project\vendor\laravel\framework\src\Illuminate\Console\Command.php(155): Symfony\Component\Console\Command\Command->run(Object(Symfony\Component\Console\Input\ArgvInput), Object(Symfony\Component\Console\Output\ConsoleOutput))
#16 C:\Users\MarioHugo\PhpstormProjects\IndustryProject\project\vendor\symfony\console\Application.php(815): Illuminate\Console\Command->run(Object(Symfony\Component\Console\Input\ArgvInput), Object(Symfony\Component\Console\Output\ConsoleOutput))
#17 C:\Users\MarioHugo\PhpstormProjects\IndustryProject\project\vendor\symfony\console\Application.php(186): Symfony\Component\Console\Application->doRunCommand(Object(Illuminate\Database\Console\Migrations\MigrateCommand), Object(Symfony\Component\Console\Input\ArgvInput), Object(Symfony\Component\Console\Output\ConsoleOutput))
#18 C:\Users\MarioHugo\PhpstormProjects\IndustryProject\project\vendor\symfony\console\Application.php(117): Symfony\Component\Console\Application->doRun(Object(Symfony\Component\Console\Input\ArgvInput), Object(Symfony\Component\Console\Output\ConsoleOutput))
#19 C:\Users\MarioHugo\PhpstormProjects\IndustryProject\project\vendor\laravel\framework\src\Illuminate\Foundation\Console\Kernel.php(107): Symfony\Component\Console\Application->run(Object(Symfony\Component\Console\Input\ArgvInput), Object(Symfony\Component\Console\Output\ConsoleOutput))
#20 C:\Users\MarioHugo\PhpstormProjects\IndustryProject\project\artisan(35): Illuminate\Foundation\Console\Kernel->handle(Object(Symfony\Component\Console\Input\ArgvInput), Object(Symfony\Component\Console\Output\ConsoleOutput))
#21 {main}  
[2016-04-20 21:28:33] local.ERROR: Symfony\Component\Console\Exception\RuntimeException: Too many arguments. in C:\Users\MarioHugo\PhpstormProjects\IndustryProject\project\vendor\symfony\console\Input\ArgvInput.php:179
Stack trace:
#0 C:\Users\MarioHugo\PhpstormProjects\IndustryProject\project\vendor\symfony\console\Input\ArgvInput.php(88): Symfony\Component\Console\Input\ArgvInput->parseArgument('help')
#1 C:\Users\MarioHugo\PhpstormProjects\IndustryProject\project\vendor\symfony\console\Input\Input.php(64): Symfony\Component\Console\Input\ArgvInput->parse()
#2 C:\Users\MarioHugo\PhpstormProjects\IndustryProject\project\vendor\symfony\console\Command\Command.php(221): Symfony\Component\Console\Input\Input->bind(Object(Symfony\Component\Console\Input\InputDefinition))
#3 C:\Users\MarioHugo\PhpstormProjects\IndustryProject\project\vendor\laravel\framework\src\Illuminate\Console\Command.php(155): Symfony\Component\Console\Command\Command->run(Object(Symfony\Component\Console\Input\ArgvInput), Object(Symfony\Component\Console\Output\ConsoleOutput))
#4 C:\Users\MarioHugo\PhpstormProjects\IndustryProject\project\vendor\symfony\console\Application.php(815): Illuminate\Console\Command->run(Object(Symfony\Component\Console\Input\ArgvInput), Object(Symfony\Component\Console\Output\ConsoleOutput))
#5 C:\Users\MarioHugo\PhpstormProjects\IndustryProject\project\vendor\symfony\console\Application.php(186): Symfony\Component\Console\Application->doRunCommand(Object(Illuminate\Database\Console\Migrations\MigrateCommand), Object(Symfony\Component\Console\Input\ArgvInput), Object(Symfony\Component\Console\Output\ConsoleOutput))
#6 C:\Users\MarioHugo\PhpstormProjects\IndustryProject\project\vendor\symfony\console\Application.php(117): Symfony\Component\Console\Application->doRun(Object(Symfony\Component\Console\Input\ArgvInput), Object(Symfony\Component\Console\Output\ConsoleOutput))
#7 C:\Users\MarioHugo\PhpstormProjects\IndustryProject\project\vendor\laravel\framework\src\Illuminate\Foundation\Console\Kernel.php(107): Symfony\Component\Console\Application->run(Object(Symfony\Component\Console\Input\ArgvInput), Object(Symfony\Component\Console\Output\ConsoleOutput))
#8 C:\Users\MarioHugo\PhpstormProjects\IndustryProject\project\artisan(35): Illuminate\Foundation\Console\Kernel->handle(Object(Symfony\Component\Console\Input\ArgvInput), Object(Symfony\Component\Console\Output\ConsoleOutput))
#9 {main}  
[2016-04-20 21:54:54] local.ERROR: Symfony\Component\Console\Exception\CommandNotFoundException: Command "make" is not defined.

Did you mean one of these?
    make:middleware
    make:controller
    make:migration
    make:listener
    make:provider
    make:console
    make:request
    make:policy
    make:seeder
    make:event
    make:model
    make:auth
    make:test
    make:job in C:\Users\MarioHugo\PhpstormProjects\IndustryProject\project\vendor\symfony\console\Application.php:532
Stack trace:
#0 C:\Users\MarioHugo\PhpstormProjects\IndustryProject\project\vendor\symfony\console\Application.php(183): Symfony\Component\Console\Application->find('make')
#1 C:\Users\MarioHugo\PhpstormProjects\IndustryProject\project\vendor\symfony\console\Application.php(117): Symfony\Component\Console\Application->doRun(Object(Symfony\Component\Console\Input\ArgvInput), Object(Symfony\Component\Console\Output\ConsoleOutput))
#2 C:\Users\MarioHugo\PhpstormProjects\IndustryProject\project\vendor\laravel\framework\src\Illuminate\Foundation\Console\Kernel.php(107): Symfony\Component\Console\Application->run(Object(Symfony\Component\Console\Input\ArgvInput), Object(Symfony\Component\Console\Output\ConsoleOutput))
#3 C:\Users\MarioHugo\PhpstormProjects\IndustryProject\project\artisan(35): Illuminate\Foundation\Console\Kernel->handle(Object(Symfony\Component\Console\Input\ArgvInput), Object(Symfony\Component\Console\Output\ConsoleOutput))
#4 {main}  
